<?xml version="1.0" encoding="utf-8"?>
<CoverageSession xmlns:xsd="http://www.w3.org/2001/XMLSchema" xmlns:xsi="http://www.w3.org/2001/XMLSchema-instance" Version="4.6.820.0">
  <Summary numSequencePoints="609" visitedSequencePoints="609" numBranchPoints="258" visitedBranchPoints="255" sequenceCoverage="100" branchCoverage="98.84" maxCyclomaticComplexity="12" minCyclomaticComplexity="1" maxCrapScore="12" minCrapScore="1" visitedClasses="12" numClasses="12" visitedMethods="186" numMethods="186" />
  <Modules>
    <Module skippedDueTo="Filter" hash="6B-FD-F4-02-2D-A1-32-9E-EE-D5-BD-34-EB-7B-26-DE-57-19-B5-DE">
      <ModulePath>C:\Program Files\dotnet\shared\Microsoft.NETCore.App\2.0.5\System.Private.CoreLib.dll</ModulePath>
      <ModuleTime>2017-12-20T15:43:18Z</ModuleTime>
      <ModuleName>System.Private.CoreLib</ModuleName>
      <Classes />
    </Module>
    <Module skippedDueTo="Filter" hash="05-CA-33-B6-B6-A2-E6-51-94-A6-A1-3A-E4-89-E3-1D-16-80-6E-1F">
      <ModulePath>C:\Program Files\dotnet\sdk\2.1.4\dotnet.dll</ModulePath>
      <ModuleTime>2017-12-20T23:01:56Z</ModuleTime>
      <ModuleName>dotnet</ModuleName>
      <Classes />
    </Module>
    <Module skippedDueTo="Filter" hash="41-1F-8E-E9-67-29-F0-15-6D-EB-92-86-91-0B-7E-88-1E-12-8D-0C">
      <ModulePath>C:\Program Files\dotnet\shared\Microsoft.NETCore.App\2.0.5\System.Runtime.dll</ModulePath>
      <ModuleTime>2017-12-20T15:43:16Z</ModuleTime>
      <ModuleName>System.Runtime</ModuleName>
      <Classes />
    </Module>
    <Module skippedDueTo="Filter" hash="DC-BB-A6-A1-EA-28-DC-8D-8C-28-8A-4A-A8-86-22-C2-B9-B1-8A-DD">
      <ModulePath>C:\Program Files\dotnet\sdk\2.1.4\Microsoft.DotNet.Cli.Utils.dll</ModulePath>
      <ModuleTime>2017-12-20T23:00:50Z</ModuleTime>
      <ModuleName>Microsoft.DotNet.Cli.Utils</ModuleName>
      <Classes />
    </Module>
    <Module skippedDueTo="Filter" hash="39-20-64-84-D7-D0-5A-A6-43-87-E7-0D-7F-9A-8C-6B-51-C9-F5-E9">
      <ModulePath>C:\Program Files\dotnet\shared\Microsoft.NETCore.App\2.0.5\System.Runtime.Extensions.dll</ModulePath>
      <ModuleTime>2017-12-20T15:43:16Z</ModuleTime>
      <ModuleName>System.Runtime.Extensions</ModuleName>
      <Classes />
    </Module>
    <Module skippedDueTo="Filter" hash="A1-B2-87-D4-78-17-12-F6-93-F9-84-93-4C-AF-7A-D7-B0-96-20-33">
      <ModulePath>C:\Program Files\dotnet\shared\Microsoft.NETCore.App\2.0.5\System.Runtime.Loader.dll</ModulePath>
      <ModuleTime>2017-12-20T15:43:16Z</ModuleTime>
      <ModuleName>System.Runtime.Loader</ModuleName>
      <Classes />
    </Module>
    <Module skippedDueTo="Filter" hash="6D-56-C5-17-8B-4A-90-00-7C-75-14-27-E1-65-51-4D-F8-11-BC-43">
      <ModulePath>C:\Program Files\dotnet\sdk\2.1.4\Microsoft.DotNet.PlatformAbstractions.dll</ModulePath>
      <ModuleTime>2017-12-20T23:00:50Z</ModuleTime>
      <ModuleName>Microsoft.DotNet.PlatformAbstractions</ModuleName>
      <Classes />
    </Module>
    <Module skippedDueTo="Filter" hash="EB-D5-85-1D-63-0E-26-A0-A2-87-8B-C7-75-30-5F-1B-02-57-65-64">
      <ModulePath>C:\Program Files\dotnet\shared\Microsoft.NETCore.App\2.0.5\System.Runtime.InteropServices.RuntimeInformation.dll</ModulePath>
      <ModuleTime>2017-12-20T15:43:16Z</ModuleTime>
      <ModuleName>System.Runtime.InteropServices.RuntimeInformation</ModuleName>
      <Classes />
    </Module>
    <Module skippedDueTo="Filter" hash="57-51-2E-09-50-36-05-C8-F5-3A-5E-09-66-60-1C-C9-B9-9B-16-04">
      <ModulePath>C:\Program Files\dotnet\shared\Microsoft.NETCore.App\2.0.5\System.Reflection.dll</ModulePath>
      <ModuleTime>2017-12-20T15:43:16Z</ModuleTime>
      <ModuleName>System.Reflection</ModuleName>
      <Classes />
    </Module>
    <Module skippedDueTo="Filter" hash="63-FD-C6-E8-DB-A7-8A-8E-25-84-B8-B0-B6-62-FF-9D-E2-7E-B9-D0">
      <ModulePath>C:\Program Files\dotnet\shared\Microsoft.NETCore.App\2.0.5\System.Reflection.Extensions.dll</ModulePath>
      <ModuleTime>2017-12-20T15:43:16Z</ModuleTime>
      <ModuleName>System.Reflection.Extensions</ModuleName>
      <Classes />
    </Module>
    <Module skippedDueTo="Filter" hash="B5-05-9F-47-D9-B8-DC-49-D5-D5-06-B6-30-3D-DB-39-94-F8-25-1B">
      <ModulePath>C:\Program Files\dotnet\shared\Microsoft.NETCore.App\2.0.5\System.Runtime.InteropServices.dll</ModulePath>
      <ModuleTime>2017-12-20T15:43:16Z</ModuleTime>
      <ModuleName>System.Runtime.InteropServices</ModuleName>
      <Classes />
    </Module>
    <Module skippedDueTo="Filter" hash="62-96-BF-2C-F9-33-5D-7F-8C-13-D2-55-CA-DA-99-3C-FF-CE-25-63">
      <ModulePath>C:\Program Files\dotnet\shared\Microsoft.NETCore.App\2.0.5\System.IO.FileSystem.dll</ModulePath>
      <ModuleTime>2017-12-20T15:43:14Z</ModuleTime>
      <ModuleName>System.IO.FileSystem</ModuleName>
      <Classes />
    </Module>
    <Module skippedDueTo="Filter" hash="F8-C0-09-E4-C4-A9-D4-23-BC-01-DC-E9-80-46-7B-6F-2D-87-AC-6B">
      <ModulePath>C:\Program Files\dotnet\sdk\2.1.4\runtimes\win\lib\netstandard1.3\System.Text.Encoding.CodePages.dll</ModulePath>
      <ModuleTime>2017-12-20T23:00:20Z</ModuleTime>
      <ModuleName>System.Text.Encoding.CodePages</ModuleName>
      <Classes />
    </Module>
    <Module skippedDueTo="Filter" hash="86-38-1F-10-F9-45-4E-1D-E5-CD-9A-E3-1B-A2-C8-15-BC-7F-8D-A8">
      <ModulePath>C:\Program Files\dotnet\shared\Microsoft.NETCore.App\2.0.5\System.Text.Encoding.dll</ModulePath>
      <ModuleTime>2017-12-20T15:43:18Z</ModuleTime>
      <ModuleName>System.Text.Encoding</ModuleName>
      <Classes />
    </Module>
    <Module skippedDueTo="Filter" hash="CD-27-4E-FD-67-2D-90-A9-46-6A-BC-AE-CC-0D-1A-35-51-BA-78-D1">
      <ModulePath>C:\Program Files\dotnet\shared\Microsoft.NETCore.App\2.0.5\System.Collections.dll</ModulePath>
      <ModuleTime>2017-12-20T15:43:14Z</ModuleTime>
      <ModuleName>System.Collections</ModuleName>
      <Classes />
    </Module>
    <Module skippedDueTo="Filter" hash="E6-F9-D6-79-C9-63-36-8C-A9-C1-04-E0-B6-50-AA-09-5B-ED-80-1B">
      <ModulePath>C:\Program Files\dotnet\shared\Microsoft.NETCore.App\2.0.5\System.Threading.dll</ModulePath>
      <ModuleTime>2017-12-20T15:43:18Z</ModuleTime>
      <ModuleName>System.Threading</ModuleName>
      <Classes />
    </Module>
    <Module skippedDueTo="Filter" hash="82-95-DE-D4-D6-42-93-7A-86-68-E5-8F-AF-86-43-C2-89-C3-DE-4E">
      <ModulePath>C:\Program Files\dotnet\shared\Microsoft.NETCore.App\2.0.5\System.Collections.Concurrent.dll</ModulePath>
      <ModuleTime>2017-12-20T15:43:14Z</ModuleTime>
      <ModuleName>System.Collections.Concurrent</ModuleName>
      <Classes />
    </Module>
    <Module skippedDueTo="Filter" hash="E0-CA-FD-F0-0C-6E-52-39-7A-EF-F1-48-E0-CD-C2-9D-E5-79-E6-78">
      <ModulePath>C:\Program Files\dotnet\shared\Microsoft.NETCore.App\2.0.5\System.Threading.Thread.dll</ModulePath>
      <ModuleTime>2017-12-20T15:43:18Z</ModuleTime>
      <ModuleName>System.Threading.Thread</ModuleName>
      <Classes />
    </Module>
    <Module skippedDueTo="Filter" hash="01-E3-3F-04-6D-FA-DF-23-89-7C-DA-01-CF-F6-42-AA-64-65-18-30">
      <ModulePath>C:\Program Files\dotnet\sdk\2.1.4\Microsoft.DotNet.Configurer.dll</ModulePath>
      <ModuleTime>2017-12-20T23:00:50Z</ModuleTime>
      <ModuleName>Microsoft.DotNet.Configurer</ModuleName>
      <Classes />
    </Module>
    <Module skippedDueTo="Filter" hash="51-C2-8E-5D-FC-F3-88-D1-CD-DE-BB-6D-74-11-AD-D9-4B-1D-A6-88">
      <ModulePath>C:\Program Files\dotnet\shared\Microsoft.NETCore.App\2.0.5\System.Diagnostics.Process.dll</ModulePath>
      <ModuleTime>2017-12-20T15:43:14Z</ModuleTime>
      <ModuleName>System.Diagnostics.Process</ModuleName>
      <Classes />
    </Module>
    <Module skippedDueTo="Filter" hash="11-1D-A8-A9-0E-B7-F5-02-3A-DE-28-0A-99-E7-FF-1C-E9-B7-8F-3D">
      <ModulePath>C:\Program Files\dotnet\shared\Microsoft.NETCore.App\2.0.5\System.Linq.dll</ModulePath>
      <ModuleTime>2017-12-20T15:43:16Z</ModuleTime>
      <ModuleName>System.Linq</ModuleName>
      <Classes />
    </Module>
    <Module skippedDueTo="Filter" hash="6F-7A-2A-41-67-B6-4C-69-3B-FE-12-6C-7D-F2-97-DC-18-84-9B-56">
      <ModulePath>C:\Program Files\dotnet\sdk\2.1.4\NuGet.Frameworks.dll</ModulePath>
      <ModuleTime>2017-12-20T23:00:46Z</ModuleTime>
      <ModuleName>NuGet.Frameworks</ModuleName>
      <Classes />
    </Module>
    <Module skippedDueTo="Filter" hash="43-5D-66-8B-CE-9B-43-41-1E-43-12-B7-5C-1D-C7-2C-07-CA-B5-C2">
      <ModulePath>C:\Program Files\dotnet\sdk\2.1.4\Microsoft.DotNet.Cli.CommandLine.dll</ModulePath>
      <ModuleTime>2017-12-20T23:00:50Z</ModuleTime>
      <ModuleName>Microsoft.DotNet.Cli.CommandLine</ModuleName>
      <Classes />
    </Module>
    <Module skippedDueTo="Filter" hash="CB-5D-AF-E0-6F-08-BA-B5-94-92-31-00-DC-C5-F0-3D-FA-CB-16-78">
      <ModulePath>C:\Program Files\dotnet\shared\Microsoft.NETCore.App\2.0.5\System.Console.dll</ModulePath>
      <ModuleTime>2017-12-20T15:43:14Z</ModuleTime>
      <ModuleName>System.Console</ModuleName>
      <Classes />
    </Module>
    <Module skippedDueTo="Filter" hash="66-47-DF-31-6E-C8-E8-C5-BE-E2-F2-9C-35-A4-7A-5E-CA-9C-D2-9E">
      <ModulePath>C:\Program Files\dotnet\sdk\2.1.4\Microsoft.DotNet.InternalAbstractions.dll</ModulePath>
      <ModuleTime>2017-12-20T23:00:50Z</ModuleTime>
      <ModuleName>Microsoft.DotNet.InternalAbstractions</ModuleName>
      <Classes />
    </Module>
    <Module skippedDueTo="Filter" hash="F0-22-19-B7-F6-63-1E-8A-97-BC-E3-A8-0E-86-F3-9E-06-44-E8-01">
      <ModulePath>C:\Program Files\dotnet\shared\Microsoft.NETCore.App\2.0.5\System.IO.FileSystem.Primitives.dll</ModulePath>
      <ModuleTime>2017-12-20T15:43:14Z</ModuleTime>
      <ModuleName>System.IO.FileSystem.Primitives</ModuleName>
      <Classes />
    </Module>
    <Module skippedDueTo="Filter" hash="90-08-AA-86-29-E9-ED-D6-BE-C2-B8-71-67-E3-F2-2A-B8-D7-0F-67">
      <ModulePath>C:\Program Files\dotnet\shared\Microsoft.NETCore.App\2.0.5\System.AppContext.dll</ModulePath>
      <ModuleTime>2017-12-20T15:43:14Z</ModuleTime>
      <ModuleName>System.AppContext</ModuleName>
      <Classes />
    </Module>
    <Module skippedDueTo="Filter" hash="16-8B-5C-B4-09-1A-39-6B-32-EA-F8-67-7F-7B-56-F1-65-00-CF-6C">
      <ModulePath>C:\Program Files\dotnet\shared\Microsoft.NETCore.App\2.0.5\System.IO.dll</ModulePath>
      <ModuleTime>2017-12-20T15:43:14Z</ModuleTime>
      <ModuleName>System.IO</ModuleName>
      <Classes />
    </Module>
    <Module skippedDueTo="Filter" hash="20-A8-DA-AB-DE-0F-5C-1B-25-28-68-80-29-DE-E7-7F-77-D1-60-6F">
      <ModulePath>C:\Program Files\dotnet\shared\Microsoft.NETCore.App\2.0.5\System.Text.Encoding.Extensions.dll</ModulePath>
      <ModuleTime>2017-12-20T15:43:18Z</ModuleTime>
      <ModuleName>System.Text.Encoding.Extensions</ModuleName>
      <Classes />
    </Module>
    <Module skippedDueTo="Filter" hash="9A-70-A6-50-0F-28-79-0D-1F-D8-33-79-CE-2C-B1-CC-DA-2F-9B-10">
      <ModulePath>C:\Program Files\dotnet\shared\Microsoft.NETCore.App\2.0.5\System.Runtime.Handles.dll</ModulePath>
      <ModuleTime>2017-12-20T15:43:16Z</ModuleTime>
      <ModuleName>System.Runtime.Handles</ModuleName>
      <Classes />
    </Module>
    <Module skippedDueTo="Filter" hash="B3-AC-93-5E-33-87-22-E8-1D-6C-34-05-6F-2E-16-57-AA-4A-33-6F">
      <ModulePath>C:\Program Files\dotnet\sdk\2.1.4\Microsoft.ApplicationInsights.dll</ModulePath>
      <ModuleTime>2017-12-20T23:00:44Z</ModuleTime>
      <ModuleName>Microsoft.ApplicationInsights</ModuleName>
      <Classes />
    </Module>
    <Module skippedDueTo="Filter" hash="F0-2A-3E-CE-48-89-A7-70-18-E7-BA-0D-82-2A-77-3B-AE-04-CE-0D">
      <ModulePath>C:\Program Files\dotnet\shared\Microsoft.NETCore.App\2.0.5\System.Xml.XDocument.dll</ModulePath>
      <ModuleTime>2017-12-20T15:43:18Z</ModuleTime>
      <ModuleName>System.Xml.XDocument</ModuleName>
      <Classes />
    </Module>
    <Module skippedDueTo="Filter" hash="0F-E5-54-36-4A-AB-17-3D-8C-8E-60-FB-2F-AD-DF-D5-89-33-3D-32">
      <ModulePath>C:\Program Files\dotnet\shared\Microsoft.NETCore.App\2.0.5\System.Private.Xml.Linq.dll</ModulePath>
      <ModuleTime>2017-12-20T15:43:16Z</ModuleTime>
      <ModuleName>System.Private.Xml.Linq</ModuleName>
      <Classes />
    </Module>
    <Module skippedDueTo="Filter" hash="60-90-01-7F-22-26-A1-16-2A-38-12-04-3D-D9-3D-90-D0-D0-4A-29">
      <ModulePath>C:\Program Files\dotnet\shared\Microsoft.NETCore.App\2.0.5\System.Security.Cryptography.Algorithms.dll</ModulePath>
      <ModuleTime>2017-12-20T15:43:16Z</ModuleTime>
      <ModuleName>System.Security.Cryptography.Algorithms</ModuleName>
      <Classes />
    </Module>
    <Module skippedDueTo="Filter" hash="47-5E-28-B2-AE-0D-E4-88-2D-81-90-A5-7C-CF-70-19-97-25-75-51">
      <ModulePath>C:\Program Files\dotnet\shared\Microsoft.NETCore.App\2.0.5\System.Security.Cryptography.Primitives.dll</ModulePath>
      <ModuleTime>2017-12-20T15:43:16Z</ModuleTime>
      <ModuleName>System.Security.Cryptography.Primitives</ModuleName>
      <Classes />
    </Module>
    <Module skippedDueTo="Filter" hash="15-84-CE-11-DD-24-30-6C-BA-9A-E0-EA-17-33-E2-DC-4B-77-8C-A6">
      <ModulePath>C:\Program Files\dotnet\shared\Microsoft.NETCore.App\2.0.5\System.Private.Xml.dll</ModulePath>
      <ModuleTime>2017-12-20T15:43:16Z</ModuleTime>
      <ModuleName>System.Private.Xml</ModuleName>
      <Classes />
    </Module>
    <Module skippedDueTo="Filter" hash="7F-D2-C6-01-E4-DE-2D-A7-7A-15-8A-3B-F7-8B-6A-CF-96-9A-60-0D">
      <ModulePath>C:\Program Files\dotnet\sdk\2.1.4\Microsoft.Build.dll</ModulePath>
      <ModuleTime>2017-12-20T23:00:50Z</ModuleTime>
      <ModuleName>Microsoft.Build</ModuleName>
      <Classes />
    </Module>
    <Module skippedDueTo="Filter" hash="3A-5B-10-CD-6F-9C-A6-09-E7-EB-30-7C-FA-E0-3E-E6-D8-AE-D2-AE">
      <ModulePath>C:\Program Files\dotnet\shared\Microsoft.NETCore.App\2.0.5\System.Xml.ReaderWriter.dll</ModulePath>
      <ModuleTime>2017-12-20T15:43:18Z</ModuleTime>
      <ModuleName>System.Xml.ReaderWriter</ModuleName>
      <Classes />
    </Module>
    <Module skippedDueTo="Filter" hash="16-A3-A2-20-FF-D0-10-40-9D-3F-07-7F-3D-B1-23-42-5F-91-7C-7F">
      <ModulePath>C:\Program Files\dotnet\shared\Microsoft.NETCore.App\2.0.5\System.Resources.ResourceManager.dll</ModulePath>
      <ModuleTime>2017-12-20T15:43:16Z</ModuleTime>
      <ModuleName>System.Resources.ResourceManager</ModuleName>
      <Classes />
    </Module>
    <Module skippedDueTo="Filter" hash="93-6F-E7-9E-71-4C-2E-6B-3D-36-8A-37-76-77-D8-66-84-44-B2-15">
      <ModulePath>C:\Program Files\dotnet\shared\Microsoft.NETCore.App\2.0.5\System.Diagnostics.Tracing.dll</ModulePath>
      <ModuleTime>2017-12-20T15:43:14Z</ModuleTime>
      <ModuleName>System.Diagnostics.Tracing</ModuleName>
      <Classes />
    </Module>
    <Module skippedDueTo="Filter" hash="27-FF-EA-22-FA-1B-89-4C-8C-CB-93-D8-4D-E5-1F-34-F6-8A-6B-CE">
      <ModulePath>C:\Program Files\dotnet\shared\Microsoft.NETCore.App\2.0.5\System.Globalization.dll</ModulePath>
      <ModuleTime>2017-12-20T15:43:14Z</ModuleTime>
      <ModuleName>System.Globalization</ModuleName>
      <Classes />
    </Module>
    <Module skippedDueTo="Filter" hash="17-0B-38-43-41-66-16-F9-8B-E5-99-6D-18-BB-18-C0-89-5E-DD-C3">
      <ModulePath>C:\Program Files\dotnet\sdk\2.1.4\de\Microsoft.DotNet.Cli.Utils.resources.dll</ModulePath>
      <ModuleTime>2017-12-20T23:00:18Z</ModuleTime>
      <ModuleName>Microsoft.DotNet.Cli.Utils.resources</ModuleName>
      <Classes />
    </Module>
    <Module skippedDueTo="Filter" hash="63-9F-D2-08-25-C0-01-C1-35-4A-0E-AC-D8-A9-2B-84-82-52-B0-5C">
      <ModulePath>C:\Program Files\dotnet\shared\Microsoft.NETCore.App\2.0.5\System.Private.Uri.dll</ModulePath>
      <ModuleTime>2017-12-20T15:43:16Z</ModuleTime>
      <ModuleName>System.Private.Uri</ModuleName>
      <Classes />
    </Module>
    <Module skippedDueTo="Filter" hash="8A-C1-C1-60-CF-62-87-A7-80-01-01-C3-2D-DD-BB-15-43-80-F8-80">
      <ModulePath>C:\Program Files\dotnet\shared\Microsoft.NETCore.App\2.0.5\System.Threading.Tasks.dll</ModulePath>
      <ModuleTime>2017-12-20T15:43:18Z</ModuleTime>
      <ModuleName>System.Threading.Tasks</ModuleName>
      <Classes />
    </Module>
    <Module skippedDueTo="Filter" hash="CA-1B-FC-39-C3-F9-20-F9-C4-3A-CC-71-8E-61-2F-16-22-99-93-28">
      <ModulePath>C:\Program Files\dotnet\sdk\2.1.4\Microsoft.Build.Framework.dll</ModulePath>
      <ModuleTime>2017-12-20T23:00:50Z</ModuleTime>
      <ModuleName>Microsoft.Build.Framework</ModuleName>
      <Classes />
    </Module>
    <Module skippedDueTo="Filter" hash="D9-7F-DA-4C-A6-F9-66-9D-7C-99-6A-18-05-86-52-E9-60-8D-0B-5D">
      <ModulePath>C:\Program Files\dotnet\shared\Microsoft.NETCore.App\2.0.5\System.Reflection.TypeExtensions.dll</ModulePath>
      <ModuleTime>2017-12-20T15:43:16Z</ModuleTime>
      <ModuleName>System.Reflection.TypeExtensions</ModuleName>
      <Classes />
    </Module>
    <Module skippedDueTo="Filter" hash="80-89-49-93-1B-92-6F-A7-B8-49-15-50-6C-10-DB-08-8B-F6-A2-7F">
      <ModulePath>C:\Program Files\dotnet\shared\Microsoft.NETCore.App\2.0.5\System.Diagnostics.Tools.dll</ModulePath>
      <ModuleTime>2017-12-20T15:43:14Z</ModuleTime>
      <ModuleName>System.Diagnostics.Tools</ModuleName>
      <Classes />
    </Module>
    <Module skippedDueTo="Filter" hash="35-F5-AE-30-21-12-A3-3B-04-7D-44-88-0F-99-2F-E5-EB-9A-C8-A5">
      <ModulePath>C:\Program Files\dotnet\shared\Microsoft.NETCore.App\2.0.5\System.Text.RegularExpressions.dll</ModulePath>
      <ModuleTime>2017-12-20T15:43:18Z</ModuleTime>
      <ModuleName>System.Text.RegularExpressions</ModuleName>
      <Classes />
    </Module>
    <Module skippedDueTo="Filter" hash="83-4E-45-08-D9-46-CD-BA-0B-6A-F1-CE-46-49-B1-9B-9F-78-A4-6C">
      <ModulePath>C:\Program Files\dotnet\shared\Microsoft.NETCore.App\2.0.5\System.Diagnostics.Debug.dll</ModulePath>
      <ModuleTime>2017-12-20T15:43:14Z</ModuleTime>
      <ModuleName>System.Diagnostics.Debug</ModuleName>
      <Classes />
    </Module>
    <Module skippedDueTo="Filter" hash="CF-0F-2E-6F-9B-B7-12-11-98-69-F1-49-21-8B-35-D1-75-E5-25-65">
      <ModulePath>C:\Program Files\dotnet\shared\Microsoft.NETCore.App\2.0.5\System.IO.Compression.dll</ModulePath>
      <ModuleTime>2017-12-20T15:43:14Z</ModuleTime>
      <ModuleName>System.IO.Compression</ModuleName>
      <Classes />
    </Module>
    <Module skippedDueTo="Filter" hash="F7-33-16-81-3D-87-54-05-5E-D8-A2-98-44-D5-DB-0C-A0-29-71-38">
      <ModulePath>C:\Program Files\dotnet\shared\Microsoft.NETCore.App\2.0.5\System.Buffers.dll</ModulePath>
      <ModuleTime>2017-12-20T15:43:14Z</ModuleTime>
      <ModuleName>System.Buffers</ModuleName>
      <Classes />
    </Module>
    <Module skippedDueTo="Filter" hash="09-C8-71-E7-F6-68-C3-70-8C-E9-4A-97-5C-91-E8-8C-68-4F-BD-67">
      <ModulePath>C:\Program Files\dotnet\shared\Microsoft.NETCore.App\2.0.5\System.ComponentModel.Primitives.dll</ModulePath>
      <ModuleTime>2017-12-20T15:43:14Z</ModuleTime>
      <ModuleName>System.ComponentModel.Primitives</ModuleName>
      <Classes />
    </Module>
    <Module skippedDueTo="Filter" hash="31-3F-28-D7-F6-F8-07-E2-5B-6C-5B-9A-4D-62-A4-8E-04-C7-6A-70">
      <ModulePath>C:\Program Files\dotnet\shared\Microsoft.NETCore.App\2.0.5\System.Collections.NonGeneric.dll</ModulePath>
      <ModuleTime>2017-12-20T15:43:14Z</ModuleTime>
      <ModuleName>System.Collections.NonGeneric</ModuleName>
      <Classes />
    </Module>
    <Module skippedDueTo="Filter" hash="59-79-BF-C6-55-95-25-23-9C-DD-24-DA-96-B7-62-16-22-49-2F-D4">
      <ModulePath>C:\Program Files\dotnet\shared\Microsoft.NETCore.App\2.0.5\System.Net.Http.dll</ModulePath>
      <ModuleTime>2017-12-20T15:43:16Z</ModuleTime>
      <ModuleName>System.Net.Http</ModuleName>
      <Classes />
    </Module>
    <Module skippedDueTo="Filter" hash="BC-C8-59-55-D4-A5-E8-D3-F8-01-77-2F-30-AC-25-F1-41-F7-A9-CB">
      <ModulePath>C:\Program Files\dotnet\shared\Microsoft.NETCore.App\2.0.5\System.Net.Primitives.dll</ModulePath>
      <ModuleTime>2017-12-20T15:43:16Z</ModuleTime>
      <ModuleName>System.Net.Primitives</ModuleName>
      <Classes />
    </Module>
    <Module skippedDueTo="Filter" hash="B0-2D-50-81-B2-E4-8F-1F-DD-64-EA-16-5C-E2-85-D2-C6-9F-C1-DA">
      <ModulePath>C:\Program Files\dotnet\shared\Microsoft.NETCore.App\2.0.5\Microsoft.Win32.Primitives.dll</ModulePath>
      <ModuleTime>2017-12-20T15:43:14Z</ModuleTime>
      <ModuleName>Microsoft.Win32.Primitives</ModuleName>
      <Classes />
    </Module>
    <Module skippedDueTo="Filter" hash="56-11-B7-4C-4D-A0-46-2B-4B-36-79-ED-1F-A0-C9-09-52-16-63-47">
      <ModulePath>C:\Program Files\dotnet\shared\Microsoft.NETCore.App\2.0.5\System.ObjectModel.dll</ModulePath>
      <ModuleTime>2017-12-20T15:43:16Z</ModuleTime>
      <ModuleName>System.ObjectModel</ModuleName>
      <Classes />
    </Module>
    <Module skippedDueTo="Filter" hash="8E-F1-C5-CB-FA-53-02-66-36-2E-9B-66-DF-41-38-01-35-FD-71-2D">
      <ModulePath>C:\Program Files\dotnet\shared\Microsoft.NETCore.App\2.0.5\System.Xml.XmlDocument.dll</ModulePath>
      <ModuleTime>2017-12-20T15:43:18Z</ModuleTime>
      <ModuleName>System.Xml.XmlDocument</ModuleName>
      <Classes />
    </Module>
    <Module skippedDueTo="Filter" hash="1A-70-99-28-23-C7-02-29-07-AA-AF-B2-FD-30-AF-B6-57-D3-C7-33">
      <ModulePath>C:\Program Files\dotnet\shared\Microsoft.NETCore.App\2.0.5\System.Diagnostics.DiagnosticSource.dll</ModulePath>
      <ModuleTime>2017-12-20T15:43:14Z</ModuleTime>
      <ModuleName>System.Diagnostics.DiagnosticSource</ModuleName>
      <Classes />
    </Module>
    <Module skippedDueTo="Filter" hash="42-A3-C1-B6-BD-30-D8-AB-64-EF-2E-1C-B1-4B-4F-B8-AB-37-70-9B">
      <ModulePath>C:\Program Files\dotnet\shared\Microsoft.NETCore.App\2.0.5\System.Security.Cryptography.X509Certificates.dll</ModulePath>
      <ModuleTime>2017-12-20T15:43:16Z</ModuleTime>
      <ModuleName>System.Security.Cryptography.X509Certificates</ModuleName>
      <Classes />
    </Module>
    <Module skippedDueTo="Filter" hash="97-40-56-27-AF-A6-21-E7-6D-03-81-75-9F-9E-17-23-DC-84-7E-D1">
      <ModulePath>C:\Program Files\dotnet\shared\Microsoft.NETCore.App\2.0.5\System.Diagnostics.TraceSource.dll</ModulePath>
      <ModuleTime>2017-12-20T15:43:14Z</ModuleTime>
      <ModuleName>System.Diagnostics.TraceSource</ModuleName>
      <Classes />
    </Module>
    <Module skippedDueTo="Filter" hash="78-CE-36-5C-8C-08-55-A5-18-A3-89-A6-32-9C-28-AD-16-55-04-68">
      <ModulePath>C:\Program Files\dotnet\sdk\2.1.4\de\Microsoft.Build.resources.dll</ModulePath>
      <ModuleTime>2017-12-20T23:00:18Z</ModuleTime>
      <ModuleName>Microsoft.Build.resources</ModuleName>
      <Classes />
    </Module>
    <Module skippedDueTo="Filter" hash="36-18-90-38-AF-FF-9C-6F-4A-19-8E-15-21-40-35-4F-9F-F0-D8-0E">
      <ModulePath>C:\Program Files\dotnet\shared\Microsoft.NETCore.App\2.0.5\System.Threading.Tasks.Dataflow.dll</ModulePath>
      <ModuleTime>2017-12-20T15:43:18Z</ModuleTime>
      <ModuleName>System.Threading.Tasks.Dataflow</ModuleName>
      <Classes />
    </Module>
    <Module skippedDueTo="Filter" hash="5E-29-2B-37-FE-34-E8-DE-17-B6-19-AD-3F-39-2B-5A-90-6A-3A-12">
      <ModulePath>C:\Program Files\dotnet\shared\Microsoft.NETCore.App\2.0.5\netstandard.dll</ModulePath>
      <ModuleTime>2017-12-20T15:43:18Z</ModuleTime>
      <ModuleName>netstandard</ModuleName>
      <Classes />
    </Module>
    <Module skippedDueTo="Filter" hash="F9-45-DE-00-A8-2B-35-9F-C0-DA-2E-57-3E-48-42-F4-BD-43-6C-C7">
      <ModulePath>C:\Program Files\dotnet\shared\Microsoft.NETCore.App\2.0.5\System.Diagnostics.FileVersionInfo.dll</ModulePath>
      <ModuleTime>2017-12-20T15:43:14Z</ModuleTime>
      <ModuleName>System.Diagnostics.FileVersionInfo</ModuleName>
      <Classes />
    </Module>
    <Module skippedDueTo="Filter" hash="6A-66-01-46-FC-61-B5-39-4F-D6-F0-74-63-5B-B3-72-86-E5-DA-46">
      <ModulePath>C:\Program Files\dotnet\shared\Microsoft.NETCore.App\2.0.5\System.Collections.Immutable.dll</ModulePath>
      <ModuleTime>2017-12-20T15:43:14Z</ModuleTime>
      <ModuleName>System.Collections.Immutable</ModuleName>
      <Classes />
    </Module>
    <Module skippedDueTo="Filter" hash="97-3E-65-BD-68-91-20-12-B1-10-45-13-DA-F3-BB-95-AA-24-82-B2">
      <ModulePath>C:\Program Files\dotnet\shared\Microsoft.NETCore.App\2.0.5\System.Reflection.Primitives.dll</ModulePath>
      <ModuleTime>2017-12-20T15:43:16Z</ModuleTime>
      <ModuleName>System.Reflection.Primitives</ModuleName>
      <Classes />
    </Module>
    <Module skippedDueTo="Filter" hash="87-54-ED-76-7A-BD-5B-3D-F9-EE-1A-91-BC-73-06-46-AD-EF-D2-9E">
      <ModulePath>C:\Program Files\dotnet\shared\Microsoft.NETCore.App\2.0.5\System.Threading.Tasks.Parallel.dll</ModulePath>
      <ModuleTime>2017-12-20T15:43:18Z</ModuleTime>
      <ModuleName>System.Threading.Tasks.Parallel</ModuleName>
      <Classes />
    </Module>
    <Module skippedDueTo="Filter" hash="2B-4B-FF-53-BE-DA-8C-8A-3F-0B-3A-49-A9-67-38-AA-90-56-FA-18">
      <ModulePath>C:\Program Files\dotnet\sdk\2.1.4\Microsoft.Build.Utilities.Core.dll</ModulePath>
      <ModuleTime>2017-12-20T23:00:50Z</ModuleTime>
      <ModuleName>Microsoft.Build.Utilities.Core</ModuleName>
      <Classes />
    </Module>
    <Module skippedDueTo="Filter" hash="39-30-66-E2-5C-70-C1-C0-D3-39-24-21-68-E7-95-C9-61-D6-C5-84">
      <ModulePath>C:\Program Files\dotnet\sdk\2.1.4\NuGet.ProjectModel.dll</ModulePath>
      <ModuleTime>2017-12-20T23:00:46Z</ModuleTime>
      <ModuleName>NuGet.ProjectModel</ModuleName>
      <Classes />
    </Module>
    <Module skippedDueTo="Filter" hash="FD-40-4D-2E-74-52-3B-01-11-C9-35-BF-3C-5F-10-3D-2D-D2-07-91">
      <ModulePath>C:\Program Files\dotnet\sdk\2.1.4\NuGet.Common.dll</ModulePath>
      <ModuleTime>2017-12-20T23:00:46Z</ModuleTime>
      <ModuleName>NuGet.Common</ModuleName>
      <Classes />
    </Module>
    <Module skippedDueTo="Filter" hash="6B-3C-94-5D-46-C3-27-3E-4E-3D-DB-21-88-6F-9A-F0-5D-03-8A-6A">
      <ModulePath>C:\Program Files\dotnet\sdk\2.1.4\Newtonsoft.Json.dll</ModulePath>
      <ModuleTime>2017-12-20T23:00:26Z</ModuleTime>
      <ModuleName>Newtonsoft.Json</ModuleName>
      <Classes />
    </Module>
    <Module skippedDueTo="Filter" hash="35-DC-CC-E9-57-61-AC-85-41-59-25-B2-9E-14-47-71-C9-E4-FC-85">
      <ModulePath>C:\Program Files\dotnet\shared\Microsoft.NETCore.App\2.0.5\System.Dynamic.Runtime.dll</ModulePath>
      <ModuleTime>2017-12-20T15:43:14Z</ModuleTime>
      <ModuleName>System.Dynamic.Runtime</ModuleName>
      <Classes />
    </Module>
    <Module skippedDueTo="Filter" hash="20-5D-75-24-58-40-A3-36-3B-61-DE-D0-E9-9E-5B-96-7F-AE-89-AE">
      <ModulePath>C:\Program Files\dotnet\shared\Microsoft.NETCore.App\2.0.5\System.Linq.Expressions.dll</ModulePath>
      <ModuleTime>2017-12-20T15:43:14Z</ModuleTime>
      <ModuleName>System.Linq.Expressions</ModuleName>
      <Classes />
    </Module>
    <Module skippedDueTo="Filter" hash="BD-BD-03-EF-63-DB-44-45-6C-30-1A-FB-18-9E-5C-DC-27-E1-D4-FA">
      <ModulePath>C:\Program Files\dotnet\sdk\2.1.4\NuGet.Versioning.dll</ModulePath>
      <ModuleTime>2017-12-20T23:00:46Z</ModuleTime>
      <ModuleName>NuGet.Versioning</ModuleName>
      <Classes />
    </Module>
    <Module skippedDueTo="Filter" hash="B1-9F-E0-AC-97-78-F1-F0-5F-7A-66-1F-1A-EA-43-21-CB-B2-D5-60">
      <ModulePath>C:\Program Files\dotnet\sdk\2.1.4\NuGet.Packaging.Core.dll</ModulePath>
      <ModuleTime>2017-12-20T23:00:46Z</ModuleTime>
      <ModuleName>NuGet.Packaging.Core</ModuleName>
      <Classes />
    </Module>
    <Module skippedDueTo="Filter" hash="9C-B8-AF-E5-EF-AA-53-40-19-CD-15-D4-D8-3D-81-31-11-A0-C7-F1">
      <ModulePath>C:\Program Files\dotnet\sdk\2.1.4\NuGet.LibraryModel.dll</ModulePath>
      <ModuleTime>2017-12-20T23:00:46Z</ModuleTime>
      <ModuleName>NuGet.LibraryModel</ModuleName>
      <Classes />
    </Module>
    <Module skippedDueTo="Filter" hash="AB-81-04-9E-0A-77-EB-8B-73-D2-E1-44-5F-E3-BB-C7-AF-04-FC-D5">
      <ModulePath>C:\Program Files\dotnet\sdk\2.1.4\NuGet.Packaging.dll</ModulePath>
      <ModuleTime>2017-12-20T23:00:46Z</ModuleTime>
      <ModuleName>NuGet.Packaging</ModuleName>
      <Classes />
    </Module>
    <Module skippedDueTo="Filter" hash="00-CB-3E-8D-03-2D-1A-FE-B0-72-C0-DB-9D-9F-C7-93-82-90-CE-C3">
      <ModulePath>C:\Program Files\dotnet\shared\Microsoft.NETCore.App\2.0.5\System.Runtime.Serialization.Primitives.dll</ModulePath>
      <ModuleTime>2017-12-20T15:43:16Z</ModuleTime>
      <ModuleName>System.Runtime.Serialization.Primitives</ModuleName>
      <Classes />
    </Module>
    <Module skippedDueTo="Filter" hash="86-86-CB-0E-DC-CD-D9-7A-5F-89-FD-D5-8A-D7-9D-75-55-CE-40-64">
      <ModulePath>C:\Program Files\dotnet\sdk\2.1.4\NuGet.Configuration.dll</ModulePath>
      <ModuleTime>2017-12-20T23:00:46Z</ModuleTime>
      <ModuleName>NuGet.Configuration</ModuleName>
      <Classes />
    </Module>
    <Module skippedDueTo="Filter" hash="27-B6-83-A8-42-4B-7B-FF-FA-8A-62-BB-0C-AE-CB-A8-90-8A-5E-2E">
      <ModulePath>C:\Program Files\dotnet\shared\Microsoft.NETCore.App\2.0.5\System.Threading.ThreadPool.dll</ModulePath>
      <ModuleTime>2017-12-20T15:43:18Z</ModuleTime>
      <ModuleName>System.Threading.ThreadPool</ModuleName>
      <Classes />
    </Module>
    <Module skippedDueTo="Filter" hash="15-BA-3B-54-21-E9-F7-73-50-01-52-71-0D-A9-7E-A6-45-88-66-A9">
      <ModulePath>C:\Program Files\dotnet\shared\Microsoft.NETCore.App\1.0.5\System.Private.CoreLib.ni.dll</ModulePath>
      <ModuleTime>2017-04-20T14:14:40Z</ModuleTime>
      <ModuleName>System.Private.CoreLib</ModuleName>
      <Classes />
    </Module>
    <Module skippedDueTo="Filter" hash="BF-24-34-14-5B-91-E1-70-7B-55-70-C4-CC-45-80-C2-60-3E-47-F3">
      <ModulePath>C:\Users\Georg\.nuget\packages\dotnet-xunit\2.3.0-beta3-build3705\lib\netcoreapp1.0\dotnet-xunit.dll</ModulePath>
      <ModuleTime>2017-06-08T11:58:38Z</ModuleTime>
      <ModuleName>dotnet-xunit</ModuleName>
      <Classes />
    </Module>
    <Module skippedDueTo="Filter" hash="BA-88-39-5B-94-F3-84-77-4F-B7-DC-E3-5E-AC-44-66-39-95-E0-F8">
      <ModulePath>C:\Program Files\dotnet\shared\Microsoft.NETCore.App\1.0.5\System.Runtime.dll</ModulePath>
      <ModuleTime>2017-04-20T14:14:38Z</ModuleTime>
      <ModuleName>System.Runtime</ModuleName>
      <Classes />
    </Module>
    <Module skippedDueTo="Filter" hash="10-47-E4-29-1D-7C-C1-21-A3-56-DA-6F-05-6C-CC-6C-1A-E4-2B-0F">
      <ModulePath>C:\Program Files\dotnet\shared\Microsoft.NETCore.App\1.0.5\mscorlib.dll</ModulePath>
      <ModuleTime>2017-04-11T09:49:36Z</ModuleTime>
      <ModuleName>mscorlib</ModuleName>
      <Classes />
    </Module>
    <Module skippedDueTo="Filter" hash="FE-5E-75-3F-D5-EF-0E-16-A2-32-8E-64-8F-2C-A1-54-CE-58-64-DF">
      <ModulePath>C:\Program Files\dotnet\shared\Microsoft.NETCore.App\1.0.5\System.Collections.dll</ModulePath>
      <ModuleTime>2017-04-20T14:14:38Z</ModuleTime>
      <ModuleName>System.Collections</ModuleName>
      <Classes />
    </Module>
    <Module skippedDueTo="Filter" hash="2B-D0-45-DB-49-7C-E9-EE-12-E8-D1-C8-A2-13-D5-78-DF-1C-98-D3">
      <ModulePath>C:\Program Files\dotnet\shared\Microsoft.NETCore.App\1.0.5\System.Linq.dll</ModulePath>
      <ModuleTime>2017-04-20T14:14:38Z</ModuleTime>
      <ModuleName>System.Linq</ModuleName>
      <Classes />
    </Module>
    <Module skippedDueTo="Filter" hash="7D-A7-E8-B0-26-99-FD-4D-E7-E9-9E-FD-F3-27-84-DB-6F-4A-16-60">
      <ModulePath>C:\Program Files\dotnet\shared\Microsoft.NETCore.App\1.0.5\System.IO.FileSystem.dll</ModulePath>
      <ModuleTime>2017-04-20T14:14:38Z</ModuleTime>
      <ModuleName>System.IO.FileSystem</ModuleName>
      <Classes />
    </Module>
    <Module skippedDueTo="Filter" hash="2A-21-33-F7-D3-F0-FA-B4-38-4A-A7-47-E0-D8-A8-EF-F1-39-DB-CA">
      <ModulePath>C:\Program Files\dotnet\shared\Microsoft.NETCore.App\1.0.5\System.Runtime.Extensions.dll</ModulePath>
      <ModuleTime>2017-04-20T14:14:38Z</ModuleTime>
      <ModuleName>System.Runtime.Extensions</ModuleName>
      <Classes />
    </Module>
    <Module skippedDueTo="Filter" hash="E7-C6-40-0A-72-25-93-71-2D-02-60-A2-4F-6D-6F-29-FD-57-BC-32">
      <ModulePath>C:\Program Files\dotnet\shared\Microsoft.NETCore.App\1.0.5\System.Reflection.dll</ModulePath>
      <ModuleTime>2017-04-20T14:14:38Z</ModuleTime>
      <ModuleName>System.Reflection</ModuleName>
      <Classes />
    </Module>
    <Module skippedDueTo="Filter" hash="18-25-1A-E1-0F-3A-6B-83-F7-9F-AE-4B-EE-FD-39-FE-29-EA-0C-B8">
      <ModulePath>C:\Program Files\dotnet\shared\Microsoft.NETCore.App\1.0.5\System.IO.FileSystem.Primitives.dll</ModulePath>
      <ModuleTime>2017-04-20T14:14:38Z</ModuleTime>
      <ModuleName>System.IO.FileSystem.Primitives</ModuleName>
      <Classes />
    </Module>
    <Module skippedDueTo="Filter" hash="29-CC-EB-FC-68-12-A3-A8-5B-1F-4A-04-52-E1-65-14-15-97-1F-C9">
      <ModulePath>C:\Program Files\dotnet\shared\Microsoft.NETCore.App\1.0.5\System.IO.dll</ModulePath>
      <ModuleTime>2017-04-20T14:14:38Z</ModuleTime>
      <ModuleName>System.IO</ModuleName>
      <Classes />
    </Module>
    <Module skippedDueTo="Filter" hash="67-DE-6E-8F-88-31-37-5A-AB-0F-FE-75-40-96-23-D2-EF-F0-0E-E7">
      <ModulePath>C:\Program Files\dotnet\shared\Microsoft.NETCore.App\1.0.5\System.Threading.Tasks.dll</ModulePath>
      <ModuleTime>2017-04-20T14:14:38Z</ModuleTime>
      <ModuleName>System.Threading.Tasks</ModuleName>
      <Classes />
    </Module>
    <Module skippedDueTo="Filter" hash="2C-30-AA-73-B7-D3-9C-24-77-94-B1-8B-86-01-09-9E-22-C8-9D-94">
      <ModulePath>C:\Program Files\dotnet\shared\Microsoft.NETCore.App\1.0.5\System.Runtime.Handles.dll</ModulePath>
      <ModuleTime>2017-04-20T14:14:38Z</ModuleTime>
      <ModuleName>System.Runtime.Handles</ModuleName>
      <Classes />
    </Module>
    <Module skippedDueTo="Filter" hash="98-71-7F-93-12-84-26-6D-A8-C7-8E-83-84-5E-AF-2B-9A-83-9C-C4">
      <ModulePath>C:\Program Files\dotnet\shared\Microsoft.NETCore.App\1.0.5\System.Runtime.InteropServices.dll</ModulePath>
      <ModuleTime>2017-04-20T14:14:38Z</ModuleTime>
      <ModuleName>System.Runtime.InteropServices</ModuleName>
      <Classes />
    </Module>
    <Module skippedDueTo="Filter" hash="22-09-E3-55-74-3C-5F-90-71-52-4B-99-FB-A6-28-8B-C9-8D-CA-97">
      <ModulePath>C:\Program Files\dotnet\shared\Microsoft.NETCore.App\1.0.5\System.Diagnostics.Process.dll</ModulePath>
      <ModuleTime>2017-04-20T14:14:38Z</ModuleTime>
      <ModuleName>System.Diagnostics.Process</ModuleName>
      <Classes />
    </Module>
    <Module skippedDueTo="Filter" hash="6F-8A-EB-4B-D3-CA-CB-DE-A3-67-4E-78-E7-6C-11-A0-18-4D-B0-94">
      <ModulePath>C:\Program Files\dotnet\shared\Microsoft.NETCore.App\1.0.5\System.Console.dll</ModulePath>
      <ModuleTime>2017-04-20T14:14:38Z</ModuleTime>
      <ModuleName>System.Console</ModuleName>
      <Classes />
    </Module>
    <Module skippedDueTo="Filter" hash="87-F3-88-9D-CF-AB-E9-34-75-F9-AA-C8-7F-D9-34-FF-9F-BD-8B-52">
      <ModulePath>C:\Program Files\dotnet\shared\Microsoft.NETCore.App\1.0.5\System.Threading.dll</ModulePath>
      <ModuleTime>2017-04-20T14:14:38Z</ModuleTime>
      <ModuleName>System.Threading</ModuleName>
      <Classes />
    </Module>
    <Module skippedDueTo="Filter" hash="5B-C8-6A-3E-BF-A2-B7-2E-C3-21-DB-EA-B2-2A-49-CA-27-8E-D8-07">
      <ModulePath>C:\Program Files\dotnet\shared\Microsoft.NETCore.App\1.0.5\System.Text.Encoding.dll</ModulePath>
      <ModuleTime>2017-04-20T14:14:38Z</ModuleTime>
      <ModuleName>System.Text.Encoding</ModuleName>
      <Classes />
    </Module>
    <Module skippedDueTo="Filter" hash="E0-BD-1A-E2-D0-8C-7F-B2-24-A4-07-62-A2-20-BB-6C-DB-36-FB-75">
      <ModulePath>C:\Program Files\dotnet\shared\Microsoft.NETCore.App\1.0.5\System.Text.Encoding.Extensions.dll</ModulePath>
      <ModuleTime>2017-04-20T14:14:38Z</ModuleTime>
      <ModuleName>System.Text.Encoding.Extensions</ModuleName>
      <Classes />
    </Module>
    <Module skippedDueTo="Filter" hash="EF-61-EE-CE-4A-B1-66-C9-C0-8C-1D-42-48-0C-13-60-56-E2-D8-05">
      <ModulePath>C:\Program Files\dotnet\shared\Microsoft.NETCore.App\1.0.5\System.Runtime.InteropServices.RuntimeInformation.dll</ModulePath>
      <ModuleTime>2017-04-20T14:14:38Z</ModuleTime>
      <ModuleName>System.Runtime.InteropServices.RuntimeInformation</ModuleName>
      <Classes />
    </Module>
    <Module skippedDueTo="Filter" hash="D4-1D-92-18-22-99-A9-58-0B-D2-62-EE-3E-2B-08-05-CB-B7-43-E1">
      <ModulePath>C:\Program Files\dotnet\shared\Microsoft.NETCore.App\1.0.5\System.AppContext.dll</ModulePath>
      <ModuleTime>2017-04-20T14:14:38Z</ModuleTime>
      <ModuleName>System.AppContext</ModuleName>
      <Classes />
    </Module>
    <Module skippedDueTo="Filter" hash="6B-FD-F4-02-2D-A1-32-9E-EE-D5-BD-34-EB-7B-26-DE-57-19-B5-DE">
      <ModulePath>C:\Program Files\dotnet\shared\Microsoft.NETCore.App\2.0.5\System.Private.CoreLib.dll</ModulePath>
      <ModuleTime>2017-12-20T15:43:18Z</ModuleTime>
      <ModuleName>System.Private.CoreLib</ModuleName>
      <Classes />
    </Module>
    <Module skippedDueTo="Filter" hash="05-CA-33-B6-B6-A2-E6-51-94-A6-A1-3A-E4-89-E3-1D-16-80-6E-1F">
      <ModulePath>C:\Program Files\dotnet\sdk\2.1.4\dotnet.dll</ModulePath>
      <ModuleTime>2017-12-20T23:01:56Z</ModuleTime>
      <ModuleName>dotnet</ModuleName>
      <Classes />
    </Module>
    <Module skippedDueTo="Filter" hash="41-1F-8E-E9-67-29-F0-15-6D-EB-92-86-91-0B-7E-88-1E-12-8D-0C">
      <ModulePath>C:\Program Files\dotnet\shared\Microsoft.NETCore.App\2.0.5\System.Runtime.dll</ModulePath>
      <ModuleTime>2017-12-20T15:43:16Z</ModuleTime>
      <ModuleName>System.Runtime</ModuleName>
      <Classes />
    </Module>
    <Module skippedDueTo="Filter" hash="DC-BB-A6-A1-EA-28-DC-8D-8C-28-8A-4A-A8-86-22-C2-B9-B1-8A-DD">
      <ModulePath>C:\Program Files\dotnet\sdk\2.1.4\Microsoft.DotNet.Cli.Utils.dll</ModulePath>
      <ModuleTime>2017-12-20T23:00:50Z</ModuleTime>
      <ModuleName>Microsoft.DotNet.Cli.Utils</ModuleName>
      <Classes />
    </Module>
    <Module skippedDueTo="Filter" hash="39-20-64-84-D7-D0-5A-A6-43-87-E7-0D-7F-9A-8C-6B-51-C9-F5-E9">
      <ModulePath>C:\Program Files\dotnet\shared\Microsoft.NETCore.App\2.0.5\System.Runtime.Extensions.dll</ModulePath>
      <ModuleTime>2017-12-20T15:43:16Z</ModuleTime>
      <ModuleName>System.Runtime.Extensions</ModuleName>
      <Classes />
    </Module>
    <Module skippedDueTo="Filter" hash="A1-B2-87-D4-78-17-12-F6-93-F9-84-93-4C-AF-7A-D7-B0-96-20-33">
      <ModulePath>C:\Program Files\dotnet\shared\Microsoft.NETCore.App\2.0.5\System.Runtime.Loader.dll</ModulePath>
      <ModuleTime>2017-12-20T15:43:16Z</ModuleTime>
      <ModuleName>System.Runtime.Loader</ModuleName>
      <Classes />
    </Module>
    <Module skippedDueTo="Filter" hash="6D-56-C5-17-8B-4A-90-00-7C-75-14-27-E1-65-51-4D-F8-11-BC-43">
      <ModulePath>C:\Program Files\dotnet\sdk\2.1.4\Microsoft.DotNet.PlatformAbstractions.dll</ModulePath>
      <ModuleTime>2017-12-20T23:00:50Z</ModuleTime>
      <ModuleName>Microsoft.DotNet.PlatformAbstractions</ModuleName>
      <Classes />
    </Module>
    <Module skippedDueTo="Filter" hash="EB-D5-85-1D-63-0E-26-A0-A2-87-8B-C7-75-30-5F-1B-02-57-65-64">
      <ModulePath>C:\Program Files\dotnet\shared\Microsoft.NETCore.App\2.0.5\System.Runtime.InteropServices.RuntimeInformation.dll</ModulePath>
      <ModuleTime>2017-12-20T15:43:16Z</ModuleTime>
      <ModuleName>System.Runtime.InteropServices.RuntimeInformation</ModuleName>
      <Classes />
    </Module>
    <Module skippedDueTo="Filter" hash="57-51-2E-09-50-36-05-C8-F5-3A-5E-09-66-60-1C-C9-B9-9B-16-04">
      <ModulePath>C:\Program Files\dotnet\shared\Microsoft.NETCore.App\2.0.5\System.Reflection.dll</ModulePath>
      <ModuleTime>2017-12-20T15:43:16Z</ModuleTime>
      <ModuleName>System.Reflection</ModuleName>
      <Classes />
    </Module>
    <Module skippedDueTo="Filter" hash="63-FD-C6-E8-DB-A7-8A-8E-25-84-B8-B0-B6-62-FF-9D-E2-7E-B9-D0">
      <ModulePath>C:\Program Files\dotnet\shared\Microsoft.NETCore.App\2.0.5\System.Reflection.Extensions.dll</ModulePath>
      <ModuleTime>2017-12-20T15:43:16Z</ModuleTime>
      <ModuleName>System.Reflection.Extensions</ModuleName>
      <Classes />
    </Module>
    <Module skippedDueTo="Filter" hash="B5-05-9F-47-D9-B8-DC-49-D5-D5-06-B6-30-3D-DB-39-94-F8-25-1B">
      <ModulePath>C:\Program Files\dotnet\shared\Microsoft.NETCore.App\2.0.5\System.Runtime.InteropServices.dll</ModulePath>
      <ModuleTime>2017-12-20T15:43:16Z</ModuleTime>
      <ModuleName>System.Runtime.InteropServices</ModuleName>
      <Classes />
    </Module>
    <Module skippedDueTo="Filter" hash="62-96-BF-2C-F9-33-5D-7F-8C-13-D2-55-CA-DA-99-3C-FF-CE-25-63">
      <ModulePath>C:\Program Files\dotnet\shared\Microsoft.NETCore.App\2.0.5\System.IO.FileSystem.dll</ModulePath>
      <ModuleTime>2017-12-20T15:43:14Z</ModuleTime>
      <ModuleName>System.IO.FileSystem</ModuleName>
      <Classes />
    </Module>
    <Module skippedDueTo="Filter" hash="F8-C0-09-E4-C4-A9-D4-23-BC-01-DC-E9-80-46-7B-6F-2D-87-AC-6B">
      <ModulePath>C:\Program Files\dotnet\sdk\2.1.4\runtimes\win\lib\netstandard1.3\System.Text.Encoding.CodePages.dll</ModulePath>
      <ModuleTime>2017-12-20T23:00:20Z</ModuleTime>
      <ModuleName>System.Text.Encoding.CodePages</ModuleName>
      <Classes />
    </Module>
    <Module skippedDueTo="Filter" hash="86-38-1F-10-F9-45-4E-1D-E5-CD-9A-E3-1B-A2-C8-15-BC-7F-8D-A8">
      <ModulePath>C:\Program Files\dotnet\shared\Microsoft.NETCore.App\2.0.5\System.Text.Encoding.dll</ModulePath>
      <ModuleTime>2017-12-20T15:43:18Z</ModuleTime>
      <ModuleName>System.Text.Encoding</ModuleName>
      <Classes />
    </Module>
    <Module skippedDueTo="Filter" hash="CD-27-4E-FD-67-2D-90-A9-46-6A-BC-AE-CC-0D-1A-35-51-BA-78-D1">
      <ModulePath>C:\Program Files\dotnet\shared\Microsoft.NETCore.App\2.0.5\System.Collections.dll</ModulePath>
      <ModuleTime>2017-12-20T15:43:14Z</ModuleTime>
      <ModuleName>System.Collections</ModuleName>
      <Classes />
    </Module>
    <Module skippedDueTo="Filter" hash="E6-F9-D6-79-C9-63-36-8C-A9-C1-04-E0-B6-50-AA-09-5B-ED-80-1B">
      <ModulePath>C:\Program Files\dotnet\shared\Microsoft.NETCore.App\2.0.5\System.Threading.dll</ModulePath>
      <ModuleTime>2017-12-20T15:43:18Z</ModuleTime>
      <ModuleName>System.Threading</ModuleName>
      <Classes />
    </Module>
    <Module skippedDueTo="Filter" hash="82-95-DE-D4-D6-42-93-7A-86-68-E5-8F-AF-86-43-C2-89-C3-DE-4E">
      <ModulePath>C:\Program Files\dotnet\shared\Microsoft.NETCore.App\2.0.5\System.Collections.Concurrent.dll</ModulePath>
      <ModuleTime>2017-12-20T15:43:14Z</ModuleTime>
      <ModuleName>System.Collections.Concurrent</ModuleName>
      <Classes />
    </Module>
    <Module skippedDueTo="Filter" hash="E0-CA-FD-F0-0C-6E-52-39-7A-EF-F1-48-E0-CD-C2-9D-E5-79-E6-78">
      <ModulePath>C:\Program Files\dotnet\shared\Microsoft.NETCore.App\2.0.5\System.Threading.Thread.dll</ModulePath>
      <ModuleTime>2017-12-20T15:43:18Z</ModuleTime>
      <ModuleName>System.Threading.Thread</ModuleName>
      <Classes />
    </Module>
    <Module skippedDueTo="Filter" hash="01-E3-3F-04-6D-FA-DF-23-89-7C-DA-01-CF-F6-42-AA-64-65-18-30">
      <ModulePath>C:\Program Files\dotnet\sdk\2.1.4\Microsoft.DotNet.Configurer.dll</ModulePath>
      <ModuleTime>2017-12-20T23:00:50Z</ModuleTime>
      <ModuleName>Microsoft.DotNet.Configurer</ModuleName>
      <Classes />
    </Module>
    <Module skippedDueTo="Filter" hash="51-C2-8E-5D-FC-F3-88-D1-CD-DE-BB-6D-74-11-AD-D9-4B-1D-A6-88">
      <ModulePath>C:\Program Files\dotnet\shared\Microsoft.NETCore.App\2.0.5\System.Diagnostics.Process.dll</ModulePath>
      <ModuleTime>2017-12-20T15:43:14Z</ModuleTime>
      <ModuleName>System.Diagnostics.Process</ModuleName>
      <Classes />
    </Module>
    <Module skippedDueTo="Filter" hash="11-1D-A8-A9-0E-B7-F5-02-3A-DE-28-0A-99-E7-FF-1C-E9-B7-8F-3D">
      <ModulePath>C:\Program Files\dotnet\shared\Microsoft.NETCore.App\2.0.5\System.Linq.dll</ModulePath>
      <ModuleTime>2017-12-20T15:43:16Z</ModuleTime>
      <ModuleName>System.Linq</ModuleName>
      <Classes />
    </Module>
    <Module skippedDueTo="Filter" hash="6F-7A-2A-41-67-B6-4C-69-3B-FE-12-6C-7D-F2-97-DC-18-84-9B-56">
      <ModulePath>C:\Program Files\dotnet\sdk\2.1.4\NuGet.Frameworks.dll</ModulePath>
      <ModuleTime>2017-12-20T23:00:46Z</ModuleTime>
      <ModuleName>NuGet.Frameworks</ModuleName>
      <Classes />
    </Module>
    <Module skippedDueTo="Filter" hash="43-5D-66-8B-CE-9B-43-41-1E-43-12-B7-5C-1D-C7-2C-07-CA-B5-C2">
      <ModulePath>C:\Program Files\dotnet\sdk\2.1.4\Microsoft.DotNet.Cli.CommandLine.dll</ModulePath>
      <ModuleTime>2017-12-20T23:00:50Z</ModuleTime>
      <ModuleName>Microsoft.DotNet.Cli.CommandLine</ModuleName>
      <Classes />
    </Module>
    <Module skippedDueTo="Filter" hash="CB-5D-AF-E0-6F-08-BA-B5-94-92-31-00-DC-C5-F0-3D-FA-CB-16-78">
      <ModulePath>C:\Program Files\dotnet\shared\Microsoft.NETCore.App\2.0.5\System.Console.dll</ModulePath>
      <ModuleTime>2017-12-20T15:43:14Z</ModuleTime>
      <ModuleName>System.Console</ModuleName>
      <Classes />
    </Module>
    <Module skippedDueTo="Filter" hash="66-47-DF-31-6E-C8-E8-C5-BE-E2-F2-9C-35-A4-7A-5E-CA-9C-D2-9E">
      <ModulePath>C:\Program Files\dotnet\sdk\2.1.4\Microsoft.DotNet.InternalAbstractions.dll</ModulePath>
      <ModuleTime>2017-12-20T23:00:50Z</ModuleTime>
      <ModuleName>Microsoft.DotNet.InternalAbstractions</ModuleName>
      <Classes />
    </Module>
    <Module skippedDueTo="Filter" hash="F0-22-19-B7-F6-63-1E-8A-97-BC-E3-A8-0E-86-F3-9E-06-44-E8-01">
      <ModulePath>C:\Program Files\dotnet\shared\Microsoft.NETCore.App\2.0.5\System.IO.FileSystem.Primitives.dll</ModulePath>
      <ModuleTime>2017-12-20T15:43:14Z</ModuleTime>
      <ModuleName>System.IO.FileSystem.Primitives</ModuleName>
      <Classes />
    </Module>
    <Module skippedDueTo="Filter" hash="90-08-AA-86-29-E9-ED-D6-BE-C2-B8-71-67-E3-F2-2A-B8-D7-0F-67">
      <ModulePath>C:\Program Files\dotnet\shared\Microsoft.NETCore.App\2.0.5\System.AppContext.dll</ModulePath>
      <ModuleTime>2017-12-20T15:43:14Z</ModuleTime>
      <ModuleName>System.AppContext</ModuleName>
      <Classes />
    </Module>
    <Module skippedDueTo="Filter" hash="16-8B-5C-B4-09-1A-39-6B-32-EA-F8-67-7F-7B-56-F1-65-00-CF-6C">
      <ModulePath>C:\Program Files\dotnet\shared\Microsoft.NETCore.App\2.0.5\System.IO.dll</ModulePath>
      <ModuleTime>2017-12-20T15:43:14Z</ModuleTime>
      <ModuleName>System.IO</ModuleName>
      <Classes />
    </Module>
    <Module skippedDueTo="Filter" hash="20-A8-DA-AB-DE-0F-5C-1B-25-28-68-80-29-DE-E7-7F-77-D1-60-6F">
      <ModulePath>C:\Program Files\dotnet\shared\Microsoft.NETCore.App\2.0.5\System.Text.Encoding.Extensions.dll</ModulePath>
      <ModuleTime>2017-12-20T15:43:18Z</ModuleTime>
      <ModuleName>System.Text.Encoding.Extensions</ModuleName>
      <Classes />
    </Module>
    <Module skippedDueTo="Filter" hash="9A-70-A6-50-0F-28-79-0D-1F-D8-33-79-CE-2C-B1-CC-DA-2F-9B-10">
      <ModulePath>C:\Program Files\dotnet\shared\Microsoft.NETCore.App\2.0.5\System.Runtime.Handles.dll</ModulePath>
      <ModuleTime>2017-12-20T15:43:16Z</ModuleTime>
      <ModuleName>System.Runtime.Handles</ModuleName>
      <Classes />
    </Module>
    <Module skippedDueTo="Filter" hash="B3-AC-93-5E-33-87-22-E8-1D-6C-34-05-6F-2E-16-57-AA-4A-33-6F">
      <ModulePath>C:\Program Files\dotnet\sdk\2.1.4\Microsoft.ApplicationInsights.dll</ModulePath>
      <ModuleTime>2017-12-20T23:00:44Z</ModuleTime>
      <ModuleName>Microsoft.ApplicationInsights</ModuleName>
      <Classes />
    </Module>
    <Module skippedDueTo="Filter" hash="F0-2A-3E-CE-48-89-A7-70-18-E7-BA-0D-82-2A-77-3B-AE-04-CE-0D">
      <ModulePath>C:\Program Files\dotnet\shared\Microsoft.NETCore.App\2.0.5\System.Xml.XDocument.dll</ModulePath>
      <ModuleTime>2017-12-20T15:43:18Z</ModuleTime>
      <ModuleName>System.Xml.XDocument</ModuleName>
      <Classes />
    </Module>
    <Module skippedDueTo="Filter" hash="0F-E5-54-36-4A-AB-17-3D-8C-8E-60-FB-2F-AD-DF-D5-89-33-3D-32">
      <ModulePath>C:\Program Files\dotnet\shared\Microsoft.NETCore.App\2.0.5\System.Private.Xml.Linq.dll</ModulePath>
      <ModuleTime>2017-12-20T15:43:16Z</ModuleTime>
      <ModuleName>System.Private.Xml.Linq</ModuleName>
      <Classes />
    </Module>
    <Module skippedDueTo="Filter" hash="60-90-01-7F-22-26-A1-16-2A-38-12-04-3D-D9-3D-90-D0-D0-4A-29">
      <ModulePath>C:\Program Files\dotnet\shared\Microsoft.NETCore.App\2.0.5\System.Security.Cryptography.Algorithms.dll</ModulePath>
      <ModuleTime>2017-12-20T15:43:16Z</ModuleTime>
      <ModuleName>System.Security.Cryptography.Algorithms</ModuleName>
      <Classes />
    </Module>
    <Module skippedDueTo="Filter" hash="47-5E-28-B2-AE-0D-E4-88-2D-81-90-A5-7C-CF-70-19-97-25-75-51">
      <ModulePath>C:\Program Files\dotnet\shared\Microsoft.NETCore.App\2.0.5\System.Security.Cryptography.Primitives.dll</ModulePath>
      <ModuleTime>2017-12-20T15:43:16Z</ModuleTime>
      <ModuleName>System.Security.Cryptography.Primitives</ModuleName>
      <Classes />
    </Module>
    <Module skippedDueTo="Filter" hash="15-84-CE-11-DD-24-30-6C-BA-9A-E0-EA-17-33-E2-DC-4B-77-8C-A6">
      <ModulePath>C:\Program Files\dotnet\shared\Microsoft.NETCore.App\2.0.5\System.Private.Xml.dll</ModulePath>
      <ModuleTime>2017-12-20T15:43:16Z</ModuleTime>
      <ModuleName>System.Private.Xml</ModuleName>
      <Classes />
    </Module>
    <Module skippedDueTo="Filter" hash="35-F5-AE-30-21-12-A3-3B-04-7D-44-88-0F-99-2F-E5-EB-9A-C8-A5">
      <ModulePath>C:\Program Files\dotnet\shared\Microsoft.NETCore.App\2.0.5\System.Text.RegularExpressions.dll</ModulePath>
      <ModuleTime>2017-12-20T15:43:18Z</ModuleTime>
      <ModuleName>System.Text.RegularExpressions</ModuleName>
      <Classes />
    </Module>
    <Module skippedDueTo="Filter" hash="3A-5B-10-CD-6F-9C-A6-09-E7-EB-30-7C-FA-E0-3E-E6-D8-AE-D2-AE">
      <ModulePath>C:\Program Files\dotnet\shared\Microsoft.NETCore.App\2.0.5\System.Xml.ReaderWriter.dll</ModulePath>
      <ModuleTime>2017-12-20T15:43:18Z</ModuleTime>
      <ModuleName>System.Xml.ReaderWriter</ModuleName>
      <Classes />
    </Module>
    <Module skippedDueTo="Filter" hash="93-6F-E7-9E-71-4C-2E-6B-3D-36-8A-37-76-77-D8-66-84-44-B2-15">
      <ModulePath>C:\Program Files\dotnet\shared\Microsoft.NETCore.App\2.0.5\System.Diagnostics.Tracing.dll</ModulePath>
      <ModuleTime>2017-12-20T15:43:14Z</ModuleTime>
      <ModuleName>System.Diagnostics.Tracing</ModuleName>
      <Classes />
    </Module>
    <Module skippedDueTo="Filter" hash="63-9F-D2-08-25-C0-01-C1-35-4A-0E-AC-D8-A9-2B-84-82-52-B0-5C">
      <ModulePath>C:\Program Files\dotnet\shared\Microsoft.NETCore.App\2.0.5\System.Private.Uri.dll</ModulePath>
      <ModuleTime>2017-12-20T15:43:16Z</ModuleTime>
      <ModuleName>System.Private.Uri</ModuleName>
      <Classes />
    </Module>
    <Module skippedDueTo="Filter" hash="8A-C1-C1-60-CF-62-87-A7-80-01-01-C3-2D-DD-BB-15-43-80-F8-80">
      <ModulePath>C:\Program Files\dotnet\shared\Microsoft.NETCore.App\2.0.5\System.Threading.Tasks.dll</ModulePath>
      <ModuleTime>2017-12-20T15:43:18Z</ModuleTime>
      <ModuleName>System.Threading.Tasks</ModuleName>
      <Classes />
    </Module>
    <Module skippedDueTo="Filter" hash="27-FF-EA-22-FA-1B-89-4C-8C-CB-93-D8-4D-E5-1F-34-F6-8A-6B-CE">
      <ModulePath>C:\Program Files\dotnet\shared\Microsoft.NETCore.App\2.0.5\System.Globalization.dll</ModulePath>
      <ModuleTime>2017-12-20T15:43:14Z</ModuleTime>
      <ModuleName>System.Globalization</ModuleName>
      <Classes />
    </Module>
    <Module skippedDueTo="Filter" hash="16-A3-A2-20-FF-D0-10-40-9D-3F-07-7F-3D-B1-23-42-5F-91-7C-7F">
      <ModulePath>C:\Program Files\dotnet\shared\Microsoft.NETCore.App\2.0.5\System.Resources.ResourceManager.dll</ModulePath>
      <ModuleTime>2017-12-20T15:43:16Z</ModuleTime>
      <ModuleName>System.Resources.ResourceManager</ModuleName>
      <Classes />
    </Module>
    <Module skippedDueTo="Filter" hash="98-12-02-E9-EC-2E-DE-8E-15-56-E7-FF-08-F2-D8-D9-E6-66-19-F4">
      <ModulePath>C:\Program Files\dotnet\sdk\2.1.4\de\dotnet.resources.dll</ModulePath>
      <ModuleTime>2017-12-20T23:01:56Z</ModuleTime>
      <ModuleName>dotnet.resources</ModuleName>
      <Classes />
    </Module>
    <Module skippedDueTo="Filter" hash="80-89-49-93-1B-92-6F-A7-B8-49-15-50-6C-10-DB-08-8B-F6-A2-7F">
      <ModulePath>C:\Program Files\dotnet\shared\Microsoft.NETCore.App\2.0.5\System.Diagnostics.Tools.dll</ModulePath>
      <ModuleTime>2017-12-20T15:43:14Z</ModuleTime>
      <ModuleName>System.Diagnostics.Tools</ModuleName>
      <Classes />
    </Module>
    <Module skippedDueTo="Filter" hash="83-4E-45-08-D9-46-CD-BA-0B-6A-F1-CE-46-49-B1-9B-9F-78-A4-6C">
      <ModulePath>C:\Program Files\dotnet\shared\Microsoft.NETCore.App\2.0.5\System.Diagnostics.Debug.dll</ModulePath>
      <ModuleTime>2017-12-20T15:43:14Z</ModuleTime>
      <ModuleName>System.Diagnostics.Debug</ModuleName>
      <Classes />
    </Module>
    <Module skippedDueTo="Filter" hash="CF-0F-2E-6F-9B-B7-12-11-98-69-F1-49-21-8B-35-D1-75-E5-25-65">
      <ModulePath>C:\Program Files\dotnet\shared\Microsoft.NETCore.App\2.0.5\System.IO.Compression.dll</ModulePath>
      <ModuleTime>2017-12-20T15:43:14Z</ModuleTime>
      <ModuleName>System.IO.Compression</ModuleName>
      <Classes />
    </Module>
    <Module skippedDueTo="Filter" hash="2B-4B-FF-53-BE-DA-8C-8A-3F-0B-3A-49-A9-67-38-AA-90-56-FA-18">
      <ModulePath>C:\Program Files\dotnet\sdk\2.1.4\Microsoft.Build.Utilities.Core.dll</ModulePath>
      <ModuleTime>2017-12-20T23:00:50Z</ModuleTime>
      <ModuleName>Microsoft.Build.Utilities.Core</ModuleName>
      <Classes />
    </Module>
    <Module skippedDueTo="Filter" hash="F7-33-16-81-3D-87-54-05-5E-D8-A2-98-44-D5-DB-0C-A0-29-71-38">
      <ModulePath>C:\Program Files\dotnet\shared\Microsoft.NETCore.App\2.0.5\System.Buffers.dll</ModulePath>
      <ModuleTime>2017-12-20T15:43:14Z</ModuleTime>
      <ModuleName>System.Buffers</ModuleName>
      <Classes />
    </Module>
    <Module skippedDueTo="Filter" hash="CA-1B-FC-39-C3-F9-20-F9-C4-3A-CC-71-8E-61-2F-16-22-99-93-28">
      <ModulePath>C:\Program Files\dotnet\sdk\2.1.4\Microsoft.Build.Framework.dll</ModulePath>
      <ModuleTime>2017-12-20T23:00:50Z</ModuleTime>
      <ModuleName>Microsoft.Build.Framework</ModuleName>
      <Classes />
    </Module>
    <Module skippedDueTo="Filter" hash="D9-7F-DA-4C-A6-F9-66-9D-7C-99-6A-18-05-86-52-E9-60-8D-0B-5D">
      <ModulePath>C:\Program Files\dotnet\shared\Microsoft.NETCore.App\2.0.5\System.Reflection.TypeExtensions.dll</ModulePath>
      <ModuleTime>2017-12-20T15:43:16Z</ModuleTime>
      <ModuleName>System.Reflection.TypeExtensions</ModuleName>
      <Classes />
    </Module>
    <Module skippedDueTo="Filter" hash="09-C8-71-E7-F6-68-C3-70-8C-E9-4A-97-5C-91-E8-8C-68-4F-BD-67">
      <ModulePath>C:\Program Files\dotnet\shared\Microsoft.NETCore.App\2.0.5\System.ComponentModel.Primitives.dll</ModulePath>
      <ModuleTime>2017-12-20T15:43:14Z</ModuleTime>
      <ModuleName>System.ComponentModel.Primitives</ModuleName>
      <Classes />
    </Module>
    <Module skippedDueTo="Filter" hash="B0-2D-50-81-B2-E4-8F-1F-DD-64-EA-16-5C-E2-85-D2-C6-9F-C1-DA">
      <ModulePath>C:\Program Files\dotnet\shared\Microsoft.NETCore.App\2.0.5\Microsoft.Win32.Primitives.dll</ModulePath>
      <ModuleTime>2017-12-20T15:43:14Z</ModuleTime>
      <ModuleName>Microsoft.Win32.Primitives</ModuleName>
      <Classes />
    </Module>
    <Module skippedDueTo="Filter" hash="59-79-BF-C6-55-95-25-23-9C-DD-24-DA-96-B7-62-16-22-49-2F-D4">
      <ModulePath>C:\Program Files\dotnet\shared\Microsoft.NETCore.App\2.0.5\System.Net.Http.dll</ModulePath>
      <ModuleTime>2017-12-20T15:43:16Z</ModuleTime>
      <ModuleName>System.Net.Http</ModuleName>
      <Classes />
    </Module>
    <Module skippedDueTo="Filter" hash="BC-C8-59-55-D4-A5-E8-D3-F8-01-77-2F-30-AC-25-F1-41-F7-A9-CB">
      <ModulePath>C:\Program Files\dotnet\shared\Microsoft.NETCore.App\2.0.5\System.Net.Primitives.dll</ModulePath>
      <ModuleTime>2017-12-20T15:43:16Z</ModuleTime>
      <ModuleName>System.Net.Primitives</ModuleName>
      <Classes />
    </Module>
    <Module skippedDueTo="Filter" hash="1A-70-99-28-23-C7-02-29-07-AA-AF-B2-FD-30-AF-B6-57-D3-C7-33">
      <ModulePath>C:\Program Files\dotnet\shared\Microsoft.NETCore.App\2.0.5\System.Diagnostics.DiagnosticSource.dll</ModulePath>
      <ModuleTime>2017-12-20T15:43:14Z</ModuleTime>
      <ModuleName>System.Diagnostics.DiagnosticSource</ModuleName>
      <Classes />
    </Module>
    <Module skippedDueTo="Filter" hash="42-A3-C1-B6-BD-30-D8-AB-64-EF-2E-1C-B1-4B-4F-B8-AB-37-70-9B">
      <ModulePath>C:\Program Files\dotnet\shared\Microsoft.NETCore.App\2.0.5\System.Security.Cryptography.X509Certificates.dll</ModulePath>
      <ModuleTime>2017-12-20T15:43:16Z</ModuleTime>
      <ModuleName>System.Security.Cryptography.X509Certificates</ModuleName>
      <Classes />
    </Module>
    <Module skippedDueTo="Filter" hash="6B-FD-F4-02-2D-A1-32-9E-EE-D5-BD-34-EB-7B-26-DE-57-19-B5-DE">
      <ModulePath>C:\Program Files\dotnet\shared\Microsoft.NETCore.App\2.0.5\System.Private.CoreLib.dll</ModulePath>
      <ModuleTime>2017-12-20T15:43:18Z</ModuleTime>
      <ModuleName>System.Private.CoreLib</ModuleName>
      <Classes />
    </Module>
    <Module skippedDueTo="Filter" hash="31-3F-28-D7-F6-F8-07-E2-5B-6C-5B-9A-4D-62-A4-8E-04-C7-6A-70">
      <ModulePath>C:\Program Files\dotnet\shared\Microsoft.NETCore.App\2.0.5\System.Collections.NonGeneric.dll</ModulePath>
      <ModuleTime>2017-12-20T15:43:14Z</ModuleTime>
      <ModuleName>System.Collections.NonGeneric</ModuleName>
      <Classes />
    </Module>
    <Module skippedDueTo="Filter" hash="62-9A-16-44-FF-A1-86-2D-16-01-39-85-79-BF-1F-FE-2F-B2-82-D0">
      <ModulePath>C:\Program Files\dotnet\sdk\2.1.4\MSBuild.dll</ModulePath>
      <ModuleTime>2017-12-20T23:00:32Z</ModuleTime>
      <ModuleName>MSBuild</ModuleName>
      <Classes />
    </Module>
    <Module skippedDueTo="Filter" hash="41-1F-8E-E9-67-29-F0-15-6D-EB-92-86-91-0B-7E-88-1E-12-8D-0C">
      <ModulePath>C:\Program Files\dotnet\shared\Microsoft.NETCore.App\2.0.5\System.Runtime.dll</ModulePath>
      <ModuleTime>2017-12-20T15:43:16Z</ModuleTime>
      <ModuleName>System.Runtime</ModuleName>
      <Classes />
    </Module>
    <Module skippedDueTo="Filter" hash="39-20-64-84-D7-D0-5A-A6-43-87-E7-0D-7F-9A-8C-6B-51-C9-F5-E9">
      <ModulePath>C:\Program Files\dotnet\shared\Microsoft.NETCore.App\2.0.5\System.Runtime.Extensions.dll</ModulePath>
      <ModuleTime>2017-12-20T15:43:16Z</ModuleTime>
      <ModuleName>System.Runtime.Extensions</ModuleName>
      <Classes />
    </Module>
    <Module skippedDueTo="Filter" hash="E6-F9-D6-79-C9-63-36-8C-A9-C1-04-E0-B6-50-AA-09-5B-ED-80-1B">
      <ModulePath>C:\Program Files\dotnet\shared\Microsoft.NETCore.App\2.0.5\System.Threading.dll</ModulePath>
      <ModuleTime>2017-12-20T15:43:18Z</ModuleTime>
      <ModuleName>System.Threading</ModuleName>
      <Classes />
    </Module>
    <Module skippedDueTo="Filter" hash="57-51-2E-09-50-36-05-C8-F5-3A-5E-09-66-60-1C-C9-B9-9B-16-04">
      <ModulePath>C:\Program Files\dotnet\shared\Microsoft.NETCore.App\2.0.5\System.Reflection.dll</ModulePath>
      <ModuleTime>2017-12-20T15:43:16Z</ModuleTime>
      <ModuleName>System.Reflection</ModuleName>
      <Classes />
    </Module>
    <Module skippedDueTo="Filter" hash="D9-7F-DA-4C-A6-F9-66-9D-7C-99-6A-18-05-86-52-E9-60-8D-0B-5D">
      <ModulePath>C:\Program Files\dotnet\shared\Microsoft.NETCore.App\2.0.5\System.Reflection.TypeExtensions.dll</ModulePath>
      <ModuleTime>2017-12-20T15:43:16Z</ModuleTime>
      <ModuleName>System.Reflection.TypeExtensions</ModuleName>
      <Classes />
    </Module>
    <Module skippedDueTo="Filter" hash="27-FF-EA-22-FA-1B-89-4C-8C-CB-93-D8-4D-E5-1F-34-F6-8A-6B-CE">
      <ModulePath>C:\Program Files\dotnet\shared\Microsoft.NETCore.App\2.0.5\System.Globalization.dll</ModulePath>
      <ModuleTime>2017-12-20T15:43:14Z</ModuleTime>
      <ModuleName>System.Globalization</ModuleName>
      <Classes />
    </Module>
    <Module skippedDueTo="Filter" hash="62-96-BF-2C-F9-33-5D-7F-8C-13-D2-55-CA-DA-99-3C-FF-CE-25-63">
      <ModulePath>C:\Program Files\dotnet\shared\Microsoft.NETCore.App\2.0.5\System.IO.FileSystem.dll</ModulePath>
      <ModuleTime>2017-12-20T15:43:14Z</ModuleTime>
      <ModuleName>System.IO.FileSystem</ModuleName>
      <Classes />
    </Module>
    <Module skippedDueTo="Filter" hash="B5-05-9F-47-D9-B8-DC-49-D5-D5-06-B6-30-3D-DB-39-94-F8-25-1B">
      <ModulePath>C:\Program Files\dotnet\shared\Microsoft.NETCore.App\2.0.5\System.Runtime.InteropServices.dll</ModulePath>
      <ModuleTime>2017-12-20T15:43:16Z</ModuleTime>
      <ModuleName>System.Runtime.InteropServices</ModuleName>
      <Classes />
    </Module>
    <Module skippedDueTo="Filter" hash="11-1D-A8-A9-0E-B7-F5-02-3A-DE-28-0A-99-E7-FF-1C-E9-B7-8F-3D">
      <ModulePath>C:\Program Files\dotnet\shared\Microsoft.NETCore.App\2.0.5\System.Linq.dll</ModulePath>
      <ModuleTime>2017-12-20T15:43:16Z</ModuleTime>
      <ModuleName>System.Linq</ModuleName>
      <Classes />
    </Module>
    <Module skippedDueTo="Filter" hash="CB-5D-AF-E0-6F-08-BA-B5-94-92-31-00-DC-C5-F0-3D-FA-CB-16-78">
      <ModulePath>C:\Program Files\dotnet\shared\Microsoft.NETCore.App\2.0.5\System.Console.dll</ModulePath>
      <ModuleTime>2017-12-20T15:43:14Z</ModuleTime>
      <ModuleName>System.Console</ModuleName>
      <Classes />
    </Module>
    <Module skippedDueTo="Filter" hash="51-C2-8E-5D-FC-F3-88-D1-CD-DE-BB-6D-74-11-AD-D9-4B-1D-A6-88">
      <ModulePath>C:\Program Files\dotnet\shared\Microsoft.NETCore.App\2.0.5\System.Diagnostics.Process.dll</ModulePath>
      <ModuleTime>2017-12-20T15:43:14Z</ModuleTime>
      <ModuleName>System.Diagnostics.Process</ModuleName>
      <Classes />
    </Module>
    <Module skippedDueTo="Filter" hash="09-C8-71-E7-F6-68-C3-70-8C-E9-4A-97-5C-91-E8-8C-68-4F-BD-67">
      <ModulePath>C:\Program Files\dotnet\shared\Microsoft.NETCore.App\2.0.5\System.ComponentModel.Primitives.dll</ModulePath>
      <ModuleTime>2017-12-20T15:43:14Z</ModuleTime>
      <ModuleName>System.ComponentModel.Primitives</ModuleName>
      <Classes />
    </Module>
    <Module skippedDueTo="Filter" hash="CD-27-4E-FD-67-2D-90-A9-46-6A-BC-AE-CC-0D-1A-35-51-BA-78-D1">
      <ModulePath>C:\Program Files\dotnet\shared\Microsoft.NETCore.App\2.0.5\System.Collections.dll</ModulePath>
      <ModuleTime>2017-12-20T15:43:14Z</ModuleTime>
      <ModuleName>System.Collections</ModuleName>
      <Classes />
    </Module>
    <Module skippedDueTo="Filter" hash="CA-1B-FC-39-C3-F9-20-F9-C4-3A-CC-71-8E-61-2F-16-22-99-93-28">
      <ModulePath>C:\Program Files\dotnet\sdk\2.1.4\Microsoft.Build.Framework.dll</ModulePath>
      <ModuleTime>2017-12-20T23:00:50Z</ModuleTime>
      <ModuleName>Microsoft.Build.Framework</ModuleName>
      <Classes />
    </Module>
    <Module skippedDueTo="Filter" hash="16-8B-5C-B4-09-1A-39-6B-32-EA-F8-67-7F-7B-56-F1-65-00-CF-6C">
      <ModulePath>C:\Program Files\dotnet\shared\Microsoft.NETCore.App\2.0.5\System.IO.dll</ModulePath>
      <ModuleTime>2017-12-20T15:43:14Z</ModuleTime>
      <ModuleName>System.IO</ModuleName>
      <Classes />
    </Module>
    <Module skippedDueTo="Filter" hash="7F-D2-C6-01-E4-DE-2D-A7-7A-15-8A-3B-F7-8B-6A-CF-96-9A-60-0D">
      <ModulePath>C:\Program Files\dotnet\sdk\2.1.4\Microsoft.Build.dll</ModulePath>
      <ModuleTime>2017-12-20T23:00:50Z</ModuleTime>
      <ModuleName>Microsoft.Build</ModuleName>
      <Classes />
    </Module>
    <Module skippedDueTo="Filter" hash="F8-C0-09-E4-C4-A9-D4-23-BC-01-DC-E9-80-46-7B-6F-2D-87-AC-6B">
      <ModulePath>C:\Program Files\dotnet\sdk\2.1.4\runtimes\win\lib\netstandard1.3\System.Text.Encoding.CodePages.dll</ModulePath>
      <ModuleTime>2017-12-20T23:00:20Z</ModuleTime>
      <ModuleName>System.Text.Encoding.CodePages</ModuleName>
      <Classes />
    </Module>
    <Module skippedDueTo="Filter" hash="86-38-1F-10-F9-45-4E-1D-E5-CD-9A-E3-1B-A2-C8-15-BC-7F-8D-A8">
      <ModulePath>C:\Program Files\dotnet\shared\Microsoft.NETCore.App\2.0.5\System.Text.Encoding.dll</ModulePath>
      <ModuleTime>2017-12-20T15:43:18Z</ModuleTime>
      <ModuleName>System.Text.Encoding</ModuleName>
      <Classes />
    </Module>
    <Module skippedDueTo="Filter" hash="31-3F-28-D7-F6-F8-07-E2-5B-6C-5B-9A-4D-62-A4-8E-04-C7-6A-70">
      <ModulePath>C:\Program Files\dotnet\shared\Microsoft.NETCore.App\2.0.5\System.Collections.NonGeneric.dll</ModulePath>
      <ModuleTime>2017-12-20T15:43:14Z</ModuleTime>
      <ModuleName>System.Collections.NonGeneric</ModuleName>
      <Classes />
    </Module>
    <Module skippedDueTo="Filter" hash="EB-D5-85-1D-63-0E-26-A0-A2-87-8B-C7-75-30-5F-1B-02-57-65-64">
      <ModulePath>C:\Program Files\dotnet\shared\Microsoft.NETCore.App\2.0.5\System.Runtime.InteropServices.RuntimeInformation.dll</ModulePath>
      <ModuleTime>2017-12-20T15:43:16Z</ModuleTime>
      <ModuleName>System.Runtime.InteropServices.RuntimeInformation</ModuleName>
      <Classes />
    </Module>
    <Module skippedDueTo="Filter" hash="82-95-DE-D4-D6-42-93-7A-86-68-E5-8F-AF-86-43-C2-89-C3-DE-4E">
      <ModulePath>C:\Program Files\dotnet\shared\Microsoft.NETCore.App\2.0.5\System.Collections.Concurrent.dll</ModulePath>
      <ModuleTime>2017-12-20T15:43:14Z</ModuleTime>
      <ModuleName>System.Collections.Concurrent</ModuleName>
      <Classes />
    </Module>
    <Module skippedDueTo="Filter" hash="05-CA-33-B6-B6-A2-E6-51-94-A6-A1-3A-E4-89-E3-1D-16-80-6E-1F">
      <ModulePath>C:\Program Files\dotnet\sdk\2.1.4\dotnet.dll</ModulePath>
      <ModuleTime>2017-12-20T23:01:56Z</ModuleTime>
      <ModuleName>dotnet</ModuleName>
      <Classes />
    </Module>
    <Module skippedDueTo="Filter" hash="2B-4B-FF-53-BE-DA-8C-8A-3F-0B-3A-49-A9-67-38-AA-90-56-FA-18">
      <ModulePath>C:\Program Files\dotnet\sdk\2.1.4\Microsoft.Build.Utilities.Core.dll</ModulePath>
      <ModuleTime>2017-12-20T23:00:50Z</ModuleTime>
      <ModuleName>Microsoft.Build.Utilities.Core</ModuleName>
      <Classes />
    </Module>
    <Module skippedDueTo="Filter" hash="8C-DE-36-C4-DE-C0-7F-32-31-04-38-22-0F-6D-54-93-CC-12-65-7F">
      <ModulePath>C:\Program Files\dotnet\sdk\2.1.4\Microsoft.DotNet.Tools.MigrateCommand.dll</ModulePath>
      <ModuleTime>2017-12-20T23:00:50Z</ModuleTime>
      <ModuleName>Microsoft.DotNet.Tools.MigrateCommand</ModuleName>
      <Classes />
    </Module>
    <Module skippedDueTo="Filter" hash="DC-BB-A6-A1-EA-28-DC-8D-8C-28-8A-4A-A8-86-22-C2-B9-B1-8A-DD">
      <ModulePath>C:\Program Files\dotnet\sdk\2.1.4\Microsoft.DotNet.Cli.Utils.dll</ModulePath>
      <ModuleTime>2017-12-20T23:00:50Z</ModuleTime>
      <ModuleName>Microsoft.DotNet.Cli.Utils</ModuleName>
      <Classes />
    </Module>
    <Module skippedDueTo="Filter" hash="6F-7A-2A-41-67-B6-4C-69-3B-FE-12-6C-7D-F2-97-DC-18-84-9B-56">
      <ModulePath>C:\Program Files\dotnet\sdk\2.1.4\NuGet.Frameworks.dll</ModulePath>
      <ModuleTime>2017-12-20T23:00:46Z</ModuleTime>
      <ModuleName>NuGet.Frameworks</ModuleName>
      <Classes />
    </Module>
    <Module skippedDueTo="Filter" hash="63-FD-C6-E8-DB-A7-8A-8E-25-84-B8-B0-B6-62-FF-9D-E2-7E-B9-D0">
      <ModulePath>C:\Program Files\dotnet\shared\Microsoft.NETCore.App\2.0.5\System.Reflection.Extensions.dll</ModulePath>
      <ModuleTime>2017-12-20T15:43:16Z</ModuleTime>
      <ModuleName>System.Reflection.Extensions</ModuleName>
      <Classes />
    </Module>
    <Module skippedDueTo="Filter" hash="01-E3-3F-04-6D-FA-DF-23-89-7C-DA-01-CF-F6-42-AA-64-65-18-30">
      <ModulePath>C:\Program Files\dotnet\sdk\2.1.4\Microsoft.DotNet.Configurer.dll</ModulePath>
      <ModuleTime>2017-12-20T23:00:50Z</ModuleTime>
      <ModuleName>Microsoft.DotNet.Configurer</ModuleName>
      <Classes />
    </Module>
    <Module skippedDueTo="Filter" hash="66-47-DF-31-6E-C8-E8-C5-BE-E2-F2-9C-35-A4-7A-5E-CA-9C-D2-9E">
      <ModulePath>C:\Program Files\dotnet\sdk\2.1.4\Microsoft.DotNet.InternalAbstractions.dll</ModulePath>
      <ModuleTime>2017-12-20T23:00:50Z</ModuleTime>
      <ModuleName>Microsoft.DotNet.InternalAbstractions</ModuleName>
      <Classes />
    </Module>
    <Module skippedDueTo="Filter" hash="F0-22-19-B7-F6-63-1E-8A-97-BC-E3-A8-0E-86-F3-9E-06-44-E8-01">
      <ModulePath>C:\Program Files\dotnet\shared\Microsoft.NETCore.App\2.0.5\System.IO.FileSystem.Primitives.dll</ModulePath>
      <ModuleTime>2017-12-20T15:43:14Z</ModuleTime>
      <ModuleName>System.IO.FileSystem.Primitives</ModuleName>
      <Classes />
    </Module>
    <Module skippedDueTo="Filter" hash="B3-AC-93-5E-33-87-22-E8-1D-6C-34-05-6F-2E-16-57-AA-4A-33-6F">
      <ModulePath>C:\Program Files\dotnet\sdk\2.1.4\Microsoft.ApplicationInsights.dll</ModulePath>
      <ModuleTime>2017-12-20T23:00:44Z</ModuleTime>
      <ModuleName>Microsoft.ApplicationInsights</ModuleName>
      <Classes />
    </Module>
    <Module skippedDueTo="Filter" hash="20-A8-DA-AB-DE-0F-5C-1B-25-28-68-80-29-DE-E7-7F-77-D1-60-6F">
      <ModulePath>C:\Program Files\dotnet\shared\Microsoft.NETCore.App\2.0.5\System.Text.Encoding.Extensions.dll</ModulePath>
      <ModuleTime>2017-12-20T15:43:18Z</ModuleTime>
      <ModuleName>System.Text.Encoding.Extensions</ModuleName>
      <Classes />
    </Module>
    <Module skippedDueTo="Filter" hash="6D-56-C5-17-8B-4A-90-00-7C-75-14-27-E1-65-51-4D-F8-11-BC-43">
      <ModulePath>C:\Program Files\dotnet\sdk\2.1.4\Microsoft.DotNet.PlatformAbstractions.dll</ModulePath>
      <ModuleTime>2017-12-20T23:00:50Z</ModuleTime>
      <ModuleName>Microsoft.DotNet.PlatformAbstractions</ModuleName>
      <Classes />
    </Module>
    <Module skippedDueTo="Filter" hash="F0-2A-3E-CE-48-89-A7-70-18-E7-BA-0D-82-2A-77-3B-AE-04-CE-0D">
      <ModulePath>C:\Program Files\dotnet\shared\Microsoft.NETCore.App\2.0.5\System.Xml.XDocument.dll</ModulePath>
      <ModuleTime>2017-12-20T15:43:18Z</ModuleTime>
      <ModuleName>System.Xml.XDocument</ModuleName>
      <Classes />
    </Module>
    <Module skippedDueTo="Filter" hash="0F-E5-54-36-4A-AB-17-3D-8C-8E-60-FB-2F-AD-DF-D5-89-33-3D-32">
      <ModulePath>C:\Program Files\dotnet\shared\Microsoft.NETCore.App\2.0.5\System.Private.Xml.Linq.dll</ModulePath>
      <ModuleTime>2017-12-20T15:43:16Z</ModuleTime>
      <ModuleName>System.Private.Xml.Linq</ModuleName>
      <Classes />
    </Module>
    <Module skippedDueTo="Filter" hash="9A-70-A6-50-0F-28-79-0D-1F-D8-33-79-CE-2C-B1-CC-DA-2F-9B-10">
      <ModulePath>C:\Program Files\dotnet\shared\Microsoft.NETCore.App\2.0.5\System.Runtime.Handles.dll</ModulePath>
      <ModuleTime>2017-12-20T15:43:16Z</ModuleTime>
      <ModuleName>System.Runtime.Handles</ModuleName>
      <Classes />
    </Module>
    <Module skippedDueTo="Filter" hash="15-84-CE-11-DD-24-30-6C-BA-9A-E0-EA-17-33-E2-DC-4B-77-8C-A6">
      <ModulePath>C:\Program Files\dotnet\shared\Microsoft.NETCore.App\2.0.5\System.Private.Xml.dll</ModulePath>
      <ModuleTime>2017-12-20T15:43:16Z</ModuleTime>
      <ModuleName>System.Private.Xml</ModuleName>
      <Classes />
    </Module>
    <Module skippedDueTo="Filter" hash="3A-5B-10-CD-6F-9C-A6-09-E7-EB-30-7C-FA-E0-3E-E6-D8-AE-D2-AE">
      <ModulePath>C:\Program Files\dotnet\shared\Microsoft.NETCore.App\2.0.5\System.Xml.ReaderWriter.dll</ModulePath>
      <ModuleTime>2017-12-20T15:43:18Z</ModuleTime>
      <ModuleName>System.Xml.ReaderWriter</ModuleName>
      <Classes />
    </Module>
    <Module skippedDueTo="Filter" hash="93-6F-E7-9E-71-4C-2E-6B-3D-36-8A-37-76-77-D8-66-84-44-B2-15">
      <ModulePath>C:\Program Files\dotnet\shared\Microsoft.NETCore.App\2.0.5\System.Diagnostics.Tracing.dll</ModulePath>
      <ModuleTime>2017-12-20T15:43:14Z</ModuleTime>
      <ModuleName>System.Diagnostics.Tracing</ModuleName>
      <Classes />
    </Module>
    <Module skippedDueTo="Filter" hash="63-9F-D2-08-25-C0-01-C1-35-4A-0E-AC-D8-A9-2B-84-82-52-B0-5C">
      <ModulePath>C:\Program Files\dotnet\shared\Microsoft.NETCore.App\2.0.5\System.Private.Uri.dll</ModulePath>
      <ModuleTime>2017-12-20T15:43:16Z</ModuleTime>
      <ModuleName>System.Private.Uri</ModuleName>
      <Classes />
    </Module>
    <Module skippedDueTo="Filter" hash="8A-C1-C1-60-CF-62-87-A7-80-01-01-C3-2D-DD-BB-15-43-80-F8-80">
      <ModulePath>C:\Program Files\dotnet\shared\Microsoft.NETCore.App\2.0.5\System.Threading.Tasks.dll</ModulePath>
      <ModuleTime>2017-12-20T15:43:18Z</ModuleTime>
      <ModuleName>System.Threading.Tasks</ModuleName>
      <Classes />
    </Module>
    <Module skippedDueTo="Filter" hash="35-F5-AE-30-21-12-A3-3B-04-7D-44-88-0F-99-2F-E5-EB-9A-C8-A5">
      <ModulePath>C:\Program Files\dotnet\shared\Microsoft.NETCore.App\2.0.5\System.Text.RegularExpressions.dll</ModulePath>
      <ModuleTime>2017-12-20T15:43:18Z</ModuleTime>
      <ModuleName>System.Text.RegularExpressions</ModuleName>
      <Classes />
    </Module>
    <Module skippedDueTo="Filter" hash="36-18-90-38-AF-FF-9C-6F-4A-19-8E-15-21-40-35-4F-9F-F0-D8-0E">
      <ModulePath>C:\Program Files\dotnet\shared\Microsoft.NETCore.App\2.0.5\System.Threading.Tasks.Dataflow.dll</ModulePath>
      <ModuleTime>2017-12-20T15:43:18Z</ModuleTime>
      <ModuleName>System.Threading.Tasks.Dataflow</ModuleName>
      <Classes />
    </Module>
    <Module skippedDueTo="Filter" hash="5E-29-2B-37-FE-34-E8-DE-17-B6-19-AD-3F-39-2B-5A-90-6A-3A-12">
      <ModulePath>C:\Program Files\dotnet\shared\Microsoft.NETCore.App\2.0.5\netstandard.dll</ModulePath>
      <ModuleTime>2017-12-20T15:43:18Z</ModuleTime>
      <ModuleName>netstandard</ModuleName>
      <Classes />
    </Module>
    <Module skippedDueTo="Filter" hash="60-90-01-7F-22-26-A1-16-2A-38-12-04-3D-D9-3D-90-D0-D0-4A-29">
      <ModulePath>C:\Program Files\dotnet\shared\Microsoft.NETCore.App\2.0.5\System.Security.Cryptography.Algorithms.dll</ModulePath>
      <ModuleTime>2017-12-20T15:43:16Z</ModuleTime>
      <ModuleName>System.Security.Cryptography.Algorithms</ModuleName>
      <Classes />
    </Module>
    <Module skippedDueTo="Filter" hash="47-5E-28-B2-AE-0D-E4-88-2D-81-90-A5-7C-CF-70-19-97-25-75-51">
      <ModulePath>C:\Program Files\dotnet\shared\Microsoft.NETCore.App\2.0.5\System.Security.Cryptography.Primitives.dll</ModulePath>
      <ModuleTime>2017-12-20T15:43:16Z</ModuleTime>
      <ModuleName>System.Security.Cryptography.Primitives</ModuleName>
      <Classes />
    </Module>
    <Module skippedDueTo="Filter" hash="16-A3-A2-20-FF-D0-10-40-9D-3F-07-7F-3D-B1-23-42-5F-91-7C-7F">
      <ModulePath>C:\Program Files\dotnet\shared\Microsoft.NETCore.App\2.0.5\System.Resources.ResourceManager.dll</ModulePath>
      <ModuleTime>2017-12-20T15:43:16Z</ModuleTime>
      <ModuleName>System.Resources.ResourceManager</ModuleName>
      <Classes />
    </Module>
    <Module skippedDueTo="Filter" hash="78-CE-36-5C-8C-08-55-A5-18-A3-89-A6-32-9C-28-AD-16-55-04-68">
      <ModulePath>C:\Program Files\dotnet\sdk\2.1.4\de\Microsoft.Build.resources.dll</ModulePath>
      <ModuleTime>2017-12-20T23:00:18Z</ModuleTime>
      <ModuleName>Microsoft.Build.resources</ModuleName>
      <Classes />
    </Module>
    <Module skippedDueTo="Filter" hash="56-11-B7-4C-4D-A0-46-2B-4B-36-79-ED-1F-A0-C9-09-52-16-63-47">
      <ModulePath>C:\Program Files\dotnet\shared\Microsoft.NETCore.App\2.0.5\System.ObjectModel.dll</ModulePath>
      <ModuleTime>2017-12-20T15:43:16Z</ModuleTime>
      <ModuleName>System.ObjectModel</ModuleName>
      <Classes />
    </Module>
    <Module skippedDueTo="Filter" hash="E0-CA-FD-F0-0C-6E-52-39-7A-EF-F1-48-E0-CD-C2-9D-E5-79-E6-78">
      <ModulePath>C:\Program Files\dotnet\shared\Microsoft.NETCore.App\2.0.5\System.Threading.Thread.dll</ModulePath>
      <ModuleTime>2017-12-20T15:43:18Z</ModuleTime>
      <ModuleName>System.Threading.Thread</ModuleName>
      <Classes />
    </Module>
    <Module skippedDueTo="Filter" hash="8E-F1-C5-CB-FA-53-02-66-36-2E-9B-66-DF-41-38-01-35-FD-71-2D">
      <ModulePath>C:\Program Files\dotnet\shared\Microsoft.NETCore.App\2.0.5\System.Xml.XmlDocument.dll</ModulePath>
      <ModuleTime>2017-12-20T15:43:18Z</ModuleTime>
      <ModuleName>System.Xml.XmlDocument</ModuleName>
      <Classes />
    </Module>
    <Module skippedDueTo="Filter" hash="97-40-56-27-AF-A6-21-E7-6D-03-81-75-9F-9E-17-23-DC-84-7E-D1">
      <ModulePath>C:\Program Files\dotnet\shared\Microsoft.NETCore.App\2.0.5\System.Diagnostics.TraceSource.dll</ModulePath>
      <ModuleTime>2017-12-20T15:43:14Z</ModuleTime>
      <ModuleName>System.Diagnostics.TraceSource</ModuleName>
      <Classes />
    </Module>
    <Module skippedDueTo="Filter" hash="F9-45-DE-00-A8-2B-35-9F-C0-DA-2E-57-3E-48-42-F4-BD-43-6C-C7">
      <ModulePath>C:\Program Files\dotnet\shared\Microsoft.NETCore.App\2.0.5\System.Diagnostics.FileVersionInfo.dll</ModulePath>
      <ModuleTime>2017-12-20T15:43:14Z</ModuleTime>
      <ModuleName>System.Diagnostics.FileVersionInfo</ModuleName>
      <Classes />
    </Module>
    <Module skippedDueTo="Filter" hash="6A-66-01-46-FC-61-B5-39-4F-D6-F0-74-63-5B-B3-72-86-E5-DA-46">
      <ModulePath>C:\Program Files\dotnet\shared\Microsoft.NETCore.App\2.0.5\System.Collections.Immutable.dll</ModulePath>
      <ModuleTime>2017-12-20T15:43:14Z</ModuleTime>
      <ModuleName>System.Collections.Immutable</ModuleName>
      <Classes />
    </Module>
    <Module skippedDueTo="Filter" hash="97-3E-65-BD-68-91-20-12-B1-10-45-13-DA-F3-BB-95-AA-24-82-B2">
      <ModulePath>C:\Program Files\dotnet\shared\Microsoft.NETCore.App\2.0.5\System.Reflection.Primitives.dll</ModulePath>
      <ModuleTime>2017-12-20T15:43:16Z</ModuleTime>
      <ModuleName>System.Reflection.Primitives</ModuleName>
      <Classes />
    </Module>
    <Module skippedDueTo="Filter" hash="87-54-ED-76-7A-BD-5B-3D-F9-EE-1A-91-BC-73-06-46-AD-EF-D2-9E">
      <ModulePath>C:\Program Files\dotnet\shared\Microsoft.NETCore.App\2.0.5\System.Threading.Tasks.Parallel.dll</ModulePath>
      <ModuleTime>2017-12-20T15:43:18Z</ModuleTime>
      <ModuleName>System.Threading.Tasks.Parallel</ModuleName>
      <Classes />
    </Module>
    <Module skippedDueTo="Filter" hash="79-CD-7C-5A-F9-53-94-E8-EE-11-D5-B8-43-4F-75-12-98-4C-79-A1">
      <ModulePath>C:\Program Files\dotnet\sdk\2.1.4\Microsoft.Build.Tasks.Core.dll</ModulePath>
      <ModuleTime>2017-12-20T23:00:50Z</ModuleTime>
      <ModuleName>Microsoft.Build.Tasks.Core</ModuleName>
      <Classes />
    </Module>
    <Module skippedDueTo="Filter" hash="27-B6-83-A8-42-4B-7B-FF-FA-8A-62-BB-0C-AE-CB-A8-90-8A-5E-2E">
      <ModulePath>C:\Program Files\dotnet\shared\Microsoft.NETCore.App\2.0.5\System.Threading.ThreadPool.dll</ModulePath>
      <ModuleTime>2017-12-20T15:43:18Z</ModuleTime>
      <ModuleName>System.Threading.ThreadPool</ModuleName>
      <Classes />
    </Module>
    <Module skippedDueTo="Filter" hash="6B-FD-F4-02-2D-A1-32-9E-EE-D5-BD-34-EB-7B-26-DE-57-19-B5-DE">
      <ModulePath>C:\Program Files\dotnet\shared\Microsoft.NETCore.App\2.0.5\System.Private.CoreLib.dll</ModulePath>
      <ModuleTime>2017-12-20T15:43:18Z</ModuleTime>
      <ModuleName>System.Private.CoreLib</ModuleName>
      <Classes />
    </Module>
    <Module skippedDueTo="Filter" hash="05-CA-33-B6-B6-A2-E6-51-94-A6-A1-3A-E4-89-E3-1D-16-80-6E-1F">
      <ModulePath>C:\Program Files\dotnet\sdk\2.1.4\dotnet.dll</ModulePath>
      <ModuleTime>2017-12-20T23:01:56Z</ModuleTime>
      <ModuleName>dotnet</ModuleName>
      <Classes />
    </Module>
    <Module skippedDueTo="Filter" hash="41-1F-8E-E9-67-29-F0-15-6D-EB-92-86-91-0B-7E-88-1E-12-8D-0C">
      <ModulePath>C:\Program Files\dotnet\shared\Microsoft.NETCore.App\2.0.5\System.Runtime.dll</ModulePath>
      <ModuleTime>2017-12-20T15:43:16Z</ModuleTime>
      <ModuleName>System.Runtime</ModuleName>
      <Classes />
    </Module>
[...]
    <Module skippedDueTo="Filter" hash="5E-29-2B-37-FE-34-E8-DE-17-B6-19-AD-3F-39-2B-5A-90-6A-3A-12">
      <ModulePath>C:\Program Files\dotnet\shared\Microsoft.NETCore.App\2.0.5\netstandard.dll</ModulePath>
      <ModuleTime>2017-12-20T15:43:18Z</ModuleTime>
      <ModuleName>netstandard</ModuleName>
      <Classes />
    </Module>
    <Module skippedDueTo="Filter" hash="60-90-01-7F-22-26-A1-16-2A-38-12-04-3D-D9-3D-90-D0-D0-4A-29">
      <ModulePath>C:\Program Files\dotnet\shared\Microsoft.NETCore.App\2.0.5\System.Security.Cryptography.Algorithms.dll</ModulePath>
      <ModuleTime>2017-12-20T15:43:16Z</ModuleTime>
      <ModuleName>System.Security.Cryptography.Algorithms</ModuleName>
      <Classes />
    </Module>
    <Module skippedDueTo="Filter" hash="47-5E-28-B2-AE-0D-E4-88-2D-81-90-A5-7C-CF-70-19-97-25-75-51">
      <ModulePath>C:\Program Files\dotnet\shared\Microsoft.NETCore.App\2.0.5\System.Security.Cryptography.Primitives.dll</ModulePath>
      <ModuleTime>2017-12-20T15:43:16Z</ModuleTime>
      <ModuleName>System.Security.Cryptography.Primitives</ModuleName>
      <Classes />
    </Module>
    <Module skippedDueTo="Filter" hash="16-A3-A2-20-FF-D0-10-40-9D-3F-07-7F-3D-B1-23-42-5F-91-7C-7F">
      <ModulePath>C:\Program Files\dotnet\shared\Microsoft.NETCore.App\2.0.5\System.Resources.ResourceManager.dll</ModulePath>
      <ModuleTime>2017-12-20T15:43:16Z</ModuleTime>
      <ModuleName>System.Resources.ResourceManager</ModuleName>
      <Classes />
    </Module>
    <Module skippedDueTo="Filter" hash="78-CE-36-5C-8C-08-55-A5-18-A3-89-A6-32-9C-28-AD-16-55-04-68">
      <ModulePath>C:\Program Files\dotnet\sdk\2.1.4\de\Microsoft.Build.resources.dll</ModulePath>
      <ModuleTime>2017-12-20T23:00:18Z</ModuleTime>
      <ModuleName>Microsoft.Build.resources</ModuleName>
      <Classes />
    </Module>
    <Module skippedDueTo="Filter" hash="56-11-B7-4C-4D-A0-46-2B-4B-36-79-ED-1F-A0-C9-09-52-16-63-47">
      <ModulePath>C:\Program Files\dotnet\shared\Microsoft.NETCore.App\2.0.5\System.ObjectModel.dll</ModulePath>
      <ModuleTime>2017-12-20T15:43:16Z</ModuleTime>
      <ModuleName>System.ObjectModel</ModuleName>
      <Classes />
    </Module>
    <Module skippedDueTo="Filter" hash="E0-CA-FD-F0-0C-6E-52-39-7A-EF-F1-48-E0-CD-C2-9D-E5-79-E6-78">
      <ModulePath>C:\Program Files\dotnet\shared\Microsoft.NETCore.App\2.0.5\System.Threading.Thread.dll</ModulePath>
      <ModuleTime>2017-12-20T15:43:18Z</ModuleTime>
      <ModuleName>System.Threading.Thread</ModuleName>
      <Classes />
    </Module>
    <Module skippedDueTo="Filter" hash="8E-F1-C5-CB-FA-53-02-66-36-2E-9B-66-DF-41-38-01-35-FD-71-2D">
      <ModulePath>C:\Program Files\dotnet\shared\Microsoft.NETCore.App\2.0.5\System.Xml.XmlDocument.dll</ModulePath>
      <ModuleTime>2017-12-20T15:43:18Z</ModuleTime>
      <ModuleName>System.Xml.XmlDocument</ModuleName>
      <Classes />
    </Module>
    <Module skippedDueTo="Filter" hash="97-40-56-27-AF-A6-21-E7-6D-03-81-75-9F-9E-17-23-DC-84-7E-D1">
      <ModulePath>C:\Program Files\dotnet\shared\Microsoft.NETCore.App\2.0.5\System.Diagnostics.TraceSource.dll</ModulePath>
      <ModuleTime>2017-12-20T15:43:14Z</ModuleTime>
      <ModuleName>System.Diagnostics.TraceSource</ModuleName>
      <Classes />
    </Module>
    <Module skippedDueTo="Filter" hash="F9-45-DE-00-A8-2B-35-9F-C0-DA-2E-57-3E-48-42-F4-BD-43-6C-C7">
      <ModulePath>C:\Program Files\dotnet\shared\Microsoft.NETCore.App\2.0.5\System.Diagnostics.FileVersionInfo.dll</ModulePath>
      <ModuleTime>2017-12-20T15:43:14Z</ModuleTime>
      <ModuleName>System.Diagnostics.FileVersionInfo</ModuleName>
      <Classes />
    </Module>
    <Module skippedDueTo="Filter" hash="6A-66-01-46-FC-61-B5-39-4F-D6-F0-74-63-5B-B3-72-86-E5-DA-46">
      <ModulePath>C:\Program Files\dotnet\shared\Microsoft.NETCore.App\2.0.5\System.Collections.Immutable.dll</ModulePath>
      <ModuleTime>2017-12-20T15:43:14Z</ModuleTime>
      <ModuleName>System.Collections.Immutable</ModuleName>
      <Classes />
    </Module>
    <Module skippedDueTo="Filter" hash="97-3E-65-BD-68-91-20-12-B1-10-45-13-DA-F3-BB-95-AA-24-82-B2">
      <ModulePath>C:\Program Files\dotnet\shared\Microsoft.NETCore.App\2.0.5\System.Reflection.Primitives.dll</ModulePath>
      <ModuleTime>2017-12-20T15:43:16Z</ModuleTime>
      <ModuleName>System.Reflection.Primitives</ModuleName>
      <Classes />
    </Module>
    <Module skippedDueTo="Filter" hash="87-54-ED-76-7A-BD-5B-3D-F9-EE-1A-91-BC-73-06-46-AD-EF-D2-9E">
      <ModulePath>C:\Program Files\dotnet\shared\Microsoft.NETCore.App\2.0.5\System.Threading.Tasks.Parallel.dll</ModulePath>
      <ModuleTime>2017-12-20T15:43:18Z</ModuleTime>
      <ModuleName>System.Threading.Tasks.Parallel</ModuleName>
      <Classes />
    </Module>
    <Module skippedDueTo="Filter" hash="BC-C8-59-55-D4-A5-E8-D3-F8-01-77-2F-30-AC-25-F1-41-F7-A9-CB">
      <ModulePath>C:\Program Files\dotnet\shared\Microsoft.NETCore.App\2.0.5\System.Net.Primitives.dll</ModulePath>
      <ModuleTime>2017-12-20T15:43:16Z</ModuleTime>
      <ModuleName>System.Net.Primitives</ModuleName>
      <Classes />
    </Module>
    <Module skippedDueTo="Filter" hash="79-CD-7C-5A-F9-53-94-E8-EE-11-D5-B8-43-4F-75-12-98-4C-79-A1">
      <ModulePath>C:\Program Files\dotnet\sdk\2.1.4\Microsoft.Build.Tasks.Core.dll</ModulePath>
      <ModuleTime>2017-12-20T23:00:50Z</ModuleTime>
      <ModuleName>Microsoft.Build.Tasks.Core</ModuleName>
      <Classes />
    </Module>
    <Module skippedDueTo="Filter" hash="27-B6-83-A8-42-4B-7B-FF-FA-8A-62-BB-0C-AE-CB-A8-90-8A-5E-2E">
      <ModulePath>C:\Program Files\dotnet\shared\Microsoft.NETCore.App\2.0.5\System.Threading.ThreadPool.dll</ModulePath>
      <ModuleTime>2017-12-20T15:43:18Z</ModuleTime>
      <ModuleName>System.Threading.ThreadPool</ModuleName>
      <Classes />
    </Module>
    <Module skippedDueTo="Filter" hash="DD-4A-21-58-15-61-00-47-63-11-60-F6-AC-8D-42-15-1F-03-22-6E">
      <ModulePath>C:\WINDOWS\Microsoft.Net\assembly\GAC_64\mscorlib\v4.0_4.0.0.0__b77a5c561934e089\mscorlib.dll</ModulePath>
      <ModuleTime>2017-12-05T17:37:45.9398135Z</ModuleTime>
      <ModuleName>mscorlib</ModuleName>
      <Classes />
    </Module>
    <Module skippedDueTo="Filter" hash="8B-76-87-85-10-FD-4F-D5-FA-3B-F0-FC-6E-D4-B3-E1-09-23-E7-15">
      <ModulePath>C:\Users\Georg\.nuget\packages\dotnet-xunit\2.3.0-beta3-build3705\tools\net452\xunit.console.exe</ModulePath>
      <ModuleTime>2017-06-08T11:58:38Z</ModuleTime>
      <ModuleName>xunit.console</ModuleName>
      <Classes />
    </Module>
    <Module skippedDueTo="Filter" hash="05-26-DA-30-4C-F1-F8-80-00-1B-CF-9B-D8-4F-41-E9-B7-6B-14-43">
      <ModulePath>C:\Users\Georg\.nuget\packages\dotnet-xunit\2.3.0-beta3-build3705\tools\net452\xunit.runner.utility.net452.dll</ModulePath>
      <ModuleTime>2017-06-08T11:58:38Z</ModuleTime>
      <ModuleName>xunit.runner.utility.net452</ModuleName>
      <Classes />
    </Module>
    <Module skippedDueTo="Filter" hash="9E-A9-5D-7F-86-82-4D-02-7D-07-AD-C0-17-06-5D-73-8F-1F-28-44">
      <ModulePath>C:\Users\Georg\.nuget\packages\dotnet-xunit\2.3.0-beta3-build3705\tools\net452\xunit.abstractions.dll</ModulePath>
      <ModuleTime>2017-06-08T11:58:38Z</ModuleTime>
      <ModuleName>xunit.abstractions</ModuleName>
      <Classes />
    </Module>
    <Module skippedDueTo="Filter" hash="4A-F4-16-E3-B7-42-DD-D3-EE-AC-F2-25-BE-F3-D2-88-B2-F6-A0-2F">
      <ModulePath>C:\WINDOWS\Microsoft.Net\assembly\GAC_MSIL\System.Core\v4.0_4.0.0.0__b77a5c561934e089\System.Core.dll</ModulePath>
      <ModuleTime>2017-12-05T17:37:45.739622Z</ModuleTime>
      <ModuleName>System.Core</ModuleName>
      <Classes />
    </Module>
    <Module skippedDueTo="Filter" hash="A2-03-70-0C-65-BB-C6-A2-F3-08-6B-37-D0-0A-3F-D3-95-54-A6-F2">
      <ModulePath>C:\Users\Georg\.nuget\packages\dotnet-xunit\2.3.0-beta3-build3705\tools\net452\xunit.runner.reporters.net452.dll</ModulePath>
      <ModuleTime>2017-06-08T11:58:38Z</ModuleTime>
      <ModuleName>xunit.runner.reporters.net452</ModuleName>
      <Classes />
    </Module>
    <Module skippedDueTo="Filter" hash="1E-BF-87-A2-61-B1-E2-B3-03-13-4A-72-15-75-13-FB-FE-2C-7E-57">
      <ModulePath>C:\WINDOWS\Microsoft.Net\assembly\GAC_MSIL\System.Net.Http\v4.0_4.0.0.0__b03f5f7f11d50a3a\System.Net.Http.dll</ModulePath>
      <ModuleTime>2017-09-29T13:43:06.8185861Z</ModuleTime>
      <ModuleName>System.Net.Http</ModuleName>
      <Classes />
    </Module>
    <Module skippedDueTo="Filter" hash="CB-7B-C7-A0-09-0F-BA-F4-8A-02-A9-E9-2A-7B-43-34-93-46-0F-58">
      <ModulePath>C:\WINDOWS\Microsoft.Net\assembly\GAC_MSIL\System\v4.0_4.0.0.0__b77a5c561934e089\System.dll</ModulePath>
      <ModuleTime>2017-09-29T13:43:06.7717063Z</ModuleTime>
      <ModuleName>System</ModuleName>
      <Classes />
    </Module>
    <Module skippedDueTo="Filter" hash="C2-9B-AC-EC-2D-C8-27-AD-86-2A-F0-8B-20-E0-A0-2C-3A-71-1B-FB">
      <ModulePath>C:\WINDOWS\Microsoft.Net\assembly\GAC_64\System.Web\v4.0_4.0.0.0__b03f5f7f11d50a3a\System.Web.dll</ModulePath>
      <ModuleTime>2017-09-29T13:43:05.1778265Z</ModuleTime>
      <ModuleName>System.Web</ModuleName>
      <Classes />
    </Module>
    <Module skippedDueTo="Filter" hash="43-2E-6A-4E-42-C5-B5-A0-58-83-1D-BD-1D-A2-A9-F8-DD-95-24-D4">
      <ModulePath>C:\WINDOWS\Microsoft.Net\assembly\GAC_MSIL\System.Xml.Linq\v4.0_4.0.0.0__b77a5c561934e089\System.Xml.Linq.dll</ModulePath>
      <ModuleTime>2017-09-29T13:43:08.1155667Z</ModuleTime>
      <ModuleName>System.Xml.Linq</ModuleName>
      <Classes />
    </Module>
    <Module skippedDueTo="Filter" hash="58-2A-4C-0C-25-69-3C-E5-E8-8F-0E-35-DB-19-D0-78-0E-D1-10-FA">
      <ModulePath>C:\WINDOWS\Microsoft.Net\assembly\GAC_MSIL\System.Xml\v4.0_4.0.0.0__b77a5c561934e089\System.Xml.dll</ModulePath>
      <ModuleTime>2017-12-22T03:10:39.7166266Z</ModuleTime>
      <ModuleName>System.Xml</ModuleName>
      <Classes />
    </Module>
    <Module skippedDueTo="Filter" hash="B6-A3-82-E5-87-DE-B8-9D-E6-F2-21-7E-99-D0-D0-CA-9B-B6-1F-B3">
      <ModulePath>C:\WINDOWS\Microsoft.Net\assembly\GAC_MSIL\mscorlib.resources\v4.0_4.0.0.0_de_b77a5c561934e089\mscorlib.resources.dll</ModulePath>
      <ModuleTime>2017-09-30T14:34:32.9580479Z</ModuleTime>
      <ModuleName>mscorlib.resources</ModuleName>
      <Classes />
    </Module>
    <Module skippedDueTo="Filter" hash="62-13-DF-BA-4D-76-38-3A-FE-E9-5E-D8-6C-07-CC-1D-A2-DE-73-52">
      <ModulePath>C:\WINDOWS\Microsoft.Net\assembly\GAC_MSIL\System.Configuration\v4.0_4.0.0.0__b03f5f7f11d50a3a\System.Configuration.dll</ModulePath>
      <ModuleTime>2017-09-29T13:43:06.6154445Z</ModuleTime>
      <ModuleName>System.Configuration</ModuleName>
      <Classes />
    </Module>
    <Module skippedDueTo="Filter" hash="05-26-DA-30-4C-F1-F8-80-00-1B-CF-9B-D8-4F-41-E9-B7-6B-14-43">
      <ModulePath>C:\Users\Georg\AppData\Local\Temp\8a9e00ef-2650-465f-bfe6-6d97458a2cab\8a9e00ef-2650-465f-bfe6-6d97458a2cab\assembly\dl3\ca7654f5\00eb4990_4ee0d201\xunit.runner.utility.net452.dll</ModulePath>
      <ModuleTime>2018-03-01T13:30:11.6480579Z</ModuleTime>
      <ModuleName>xunit.runner.utility.net452</ModuleName>
      <Classes />
    </Module>
    <Module skippedDueTo="Filter" hash="4A-F4-16-E3-B7-42-DD-D3-EE-AC-F2-25-BE-F3-D2-88-B2-F6-A0-2F">
      <ModulePath>C:\WINDOWS\Microsoft.Net\assembly\GAC_MSIL\System.Core\v4.0_4.0.0.0__b77a5c561934e089\System.Core.dll</ModulePath>
      <ModuleTime>2017-12-05T17:37:45.739622Z</ModuleTime>
      <ModuleName>System.Core</ModuleName>
      <Classes />
    </Module>
    <Module skippedDueTo="Filter" hash="CB-7B-C7-A0-09-0F-BA-F4-8A-02-A9-E9-2A-7B-43-34-93-46-0F-58">
      <ModulePath>C:\WINDOWS\Microsoft.Net\assembly\GAC_MSIL\System\v4.0_4.0.0.0__b77a5c561934e089\System.dll</ModulePath>
      <ModuleTime>2017-09-29T13:43:06.7717063Z</ModuleTime>
      <ModuleName>System</ModuleName>
      <Classes />
    </Module>
    <Module skippedDueTo="Filter" hash="">
      <ModulePath>RefEmit_InMemoryManifestModule</ModulePath>
      <ModuleTime>0001-01-01T00:00:00</ModuleTime>
      <ModuleName>Anonymously Hosted DynamicMethods Assembly</ModuleName>
      <Classes />
    </Module>
    <Module skippedDueTo="Filter" hash="92-87-D6-5D-5F-15-C9-54-45-92-1C-E4-C2-36-B6-CD-41-5B-2D-41">
      <ModulePath>D:\Visual Studio Projects\Dangl.Calculator\test\Dangl.Calculator.Tests\bin\Debug\net47\Dangl.Calculator.Tests.dll</ModulePath>
      <ModuleTime>2018-03-01T13:29:41.0555133Z</ModuleTime>
      <ModuleName>Dangl.Calculator.Tests</ModuleName>
      <Classes />
    </Module>
    <Module skippedDueTo="Filter" hash="05-26-DA-30-4C-F1-F8-80-00-1B-CF-9B-D8-4F-41-E9-B7-6B-14-43">
      <ModulePath>C:\Users\Georg\.nuget\packages\dotnet-xunit\2.3.0-beta3-build3705\tools\net452\xunit.runner.utility.net452.dll</ModulePath>
      <ModuleTime>2017-06-08T11:58:38Z</ModuleTime>
      <ModuleName>xunit.runner.utility.net452</ModuleName>
      <Classes />
    </Module>
    <Module skippedDueTo="Filter" hash="DE-85-9E-F5-89-40-A9-6F-2B-07-4C-21-73-F3-7E-55-EA-A9-30-4A">
      <ModulePath>C:\Users\Georg\AppData\Local\Temp\892971c6-5382-4735-acb7-58c045e49e77\892971c6-5382-4735-acb7-58c045e49e77\assembly\dl3\e8ddadd2\009f0e95_4ee0d201\xunit.execution.desktop.dll</ModulePath>
      <ModuleTime>2018-03-01T13:30:12.1310236Z</ModuleTime>
      <ModuleName>xunit.execution.desktop</ModuleName>
      <Classes />
    </Module>
    <Module skippedDueTo="Filter" hash="9E-A9-5D-7F-86-82-4D-02-7D-07-AD-C0-17-06-5D-73-8F-1F-28-44">
      <ModulePath>C:\Users\Georg\AppData\Local\Temp\892971c6-5382-4735-acb7-58c045e49e77\892971c6-5382-4735-acb7-58c045e49e77\assembly\dl3\8f02f391\00ad359c_4ee0d201\xunit.abstractions.dll</ModulePath>
      <ModuleTime>2018-03-01T13:30:12.1925828Z</ModuleTime>
      <ModuleName>xunit.abstractions</ModuleName>
      <Classes />
    </Module>
    <Module skippedDueTo="Filter" hash="CB-7B-C7-A0-09-0F-BA-F4-8A-02-A9-E9-2A-7B-43-34-93-46-0F-58">
      <ModulePath>C:\WINDOWS\Microsoft.Net\assembly\GAC_MSIL\System\v4.0_4.0.0.0__b77a5c561934e089\System.dll</ModulePath>
      <ModuleTime>2017-09-29T13:43:06.7717063Z</ModuleTime>
      <ModuleName>System</ModuleName>
      <Classes />
    </Module>
    <Module skippedDueTo="Filter" hash="92-87-D6-5D-5F-15-C9-54-45-92-1C-E4-C2-36-B6-CD-41-5B-2D-41">
      <ModulePath>C:\Users\Georg\AppData\Local\Temp\892971c6-5382-4735-acb7-58c045e49e77\892971c6-5382-4735-acb7-58c045e49e77\assembly\dl3\214ea395\fd88675a_61b1d301\Dangl.Calculator.Tests.dll</ModulePath>
      <ModuleTime>2018-03-01T13:30:12.3329407Z</ModuleTime>
      <ModuleName>Dangl.Calculator.Tests</ModuleName>
      <Classes />
    </Module>
    <Module skippedDueTo="Filter" hash="05-26-DA-30-4C-F1-F8-80-00-1B-CF-9B-D8-4F-41-E9-B7-6B-14-43">
      <ModulePath>C:\Users\Georg\AppData\Local\Temp\892971c6-5382-4735-acb7-58c045e49e77\892971c6-5382-4735-acb7-58c045e49e77\assembly\dl3\4dcdac5c\00ad359c_4ee0d201\xunit.runner.utility.net452.dll</ModulePath>
      <ModuleTime>2018-03-01T13:30:12.4015057Z</ModuleTime>
      <ModuleName>xunit.runner.utility.net452</ModuleName>
      <Classes />
    </Module>
    <Module skippedDueTo="Filter" hash="8B-76-87-85-10-FD-4F-D5-FA-3B-F0-FC-6E-D4-B3-E1-09-23-E7-15">
      <ModulePath>C:\Users\Georg\.nuget\packages\dotnet-xunit\2.3.0-beta3-build3705\tools\net452\xunit.console.exe</ModulePath>
      <ModuleTime>2017-06-08T11:58:38Z</ModuleTime>
      <ModuleName>xunit.console</ModuleName>
      <Classes />
    </Module>
    <Module skippedDueTo="Filter" hash="4A-F4-16-E3-B7-42-DD-D3-EE-AC-F2-25-BE-F3-D2-88-B2-F6-A0-2F">
      <ModulePath>C:\WINDOWS\Microsoft.Net\assembly\GAC_MSIL\System.Core\v4.0_4.0.0.0__b77a5c561934e089\System.Core.dll</ModulePath>
      <ModuleTime>2017-12-05T17:37:45.739622Z</ModuleTime>
      <ModuleName>System.Core</ModuleName>
      <Classes />
    </Module>
    <Module skippedDueTo="Filter" hash="80-0A-EB-F5-B5-38-1A-1D-04-43-4F-8B-32-5E-4A-E0-0C-3E-46-BF">
      <ModulePath>C:\Users\Georg\AppData\Local\Temp\892971c6-5382-4735-acb7-58c045e49e77\892971c6-5382-4735-acb7-58c045e49e77\assembly\dl3\7b3d2285\009f0e95_4ee0d201\xunit.core.dll</ModulePath>
      <ModuleTime>2018-03-01T13:30:12.5791765Z</ModuleTime>
      <ModuleName>xunit.core</ModuleName>
      <Classes />
    </Module>
    <Module skippedDueTo="Filter" hash="3B-8E-DA-68-AF-09-5C-45-40-48-7B-6A-94-0C-04-C0-1A-CC-E4-17">
      <ModulePath>C:\WINDOWS\Microsoft.Net\assembly\GAC_MSIL\System.Runtime\v4.0_4.0.0.0__b03f5f7f11d50a3a\System.Runtime.dll</ModulePath>
      <ModuleTime>2017-09-29T13:43:06.8185861Z</ModuleTime>
      <ModuleName>System.Runtime</ModuleName>
      <Classes />
    </Module>
    <Module skippedDueTo="Filter" hash="DB-77-50-FA-47-4E-59-59-A5-0A-50-19-2F-06-4B-B3-B1-74-61-AB">
      <ModulePath>C:\WINDOWS\Microsoft.Net\assembly\GAC_MSIL\System.Threading.Tasks\v4.0_4.0.0.0__b03f5f7f11d50a3a\System.Threading.Tasks.dll</ModulePath>
      <ModuleTime>2017-09-29T13:43:05.2872104Z</ModuleTime>
      <ModuleName>System.Threading.Tasks</ModuleName>
      <Classes />
    </Module>
    <Module skippedDueTo="Filter" hash="B8-80-E6-57-21-F6-EC-4D-8B-82-EB-25-D9-79-1A-57-B9-34-1C-02">
      <ModulePath>C:\WINDOWS\Microsoft.Net\assembly\GAC_MSIL\System.Collections\v4.0_4.0.0.0__b03f5f7f11d50a3a\System.Collections.dll</ModulePath>
      <ModuleTime>2017-09-29T13:43:09.6469357Z</ModuleTime>
      <ModuleName>System.Collections</ModuleName>
      <Classes />
    </Module>
    <Module skippedDueTo="MissingPdb" hash="F9-B1-14-CF-65-2B-47-24-E9-84-35-3B-E2-1B-76-36-7C-D7-05-07">
      <ModulePath>C:\Users\Georg\AppData\Local\Temp\892971c6-5382-4735-acb7-58c045e49e77\892971c6-5382-4735-acb7-58c045e49e77\assembly\dl3\0fc6d335\8c269a57_61b1d301\Dangl.Calculator.dll</ModulePath>
      <ModuleTime>2018-03-01T13:30:14.7447628Z</ModuleTime>
      <ModuleName>Dangl.Calculator</ModuleName>
      <Classes />
    </Module>
    <Module skippedDueTo="Filter" hash="96-5E-83-38-9B-E1-3F-01-0C-3F-9F-22-B6-29-AA-03-0F-D0-3A-91">
      <ModulePath>C:\Users\Georg\AppData\Local\Temp\892971c6-5382-4735-acb7-58c045e49e77\892971c6-5382-4735-acb7-58c045e49e77\assembly\dl3\e3dfca64\00187b91_4ee0d201\xunit.assert.dll</ModulePath>
      <ModuleTime>2018-03-01T13:30:14.8123281Z</ModuleTime>
      <ModuleName>xunit.assert</ModuleName>
      <Classes />
    </Module>
    <Module skippedDueTo="Filter" hash="7A-19-B0-CC-C1-3E-29-3D-29-89-6C-CE-56-EF-25-17-AC-B1-73-72">
      <ModulePath>C:\Users\Georg\AppData\Local\Temp\892971c6-5382-4735-acb7-58c045e49e77\892971c6-5382-4735-acb7-58c045e49e77\assembly\dl3\44d7dd40\00ee709f_7dfad201\Antlr4.Runtime.dll</ModulePath>
      <ModuleTime>2018-03-01T13:30:14.8298446Z</ModuleTime>
      <ModuleName>Antlr4.Runtime</ModuleName>
      <Classes />
    </Module>
    <Module skippedDueTo="Filter" hash="70-39-A5-19-7D-90-69-AE-4C-64-21-B1-F5-5C-59-52-3F-14-71-CF">
      <ModulePath>C:\WINDOWS\Microsoft.Net\assembly\GAC_MSIL\System.Reflection\v4.0_4.0.0.0__b03f5f7f11d50a3a\System.Reflection.dll</ModulePath>
      <ModuleTime>2017-09-29T13:43:05.3340897Z</ModuleTime>
      <ModuleName>System.Reflection</ModuleName>
      <Classes />
    </Module>
    <Module skippedDueTo="Filter" hash="FD-BE-4C-2E-DE-D8-33-C6-DF-87-49-0B-42-FD-A3-97-14-36-45-AF">
      <ModulePath>C:\WINDOWS\Microsoft.Net\assembly\GAC_MSIL\System.Runtime.Extensions\v4.0_4.0.0.0__b03f5f7f11d50a3a\System.Runtime.Extensions.dll</ModulePath>
      <ModuleTime>2017-09-29T13:43:06.7404547Z</ModuleTime>
      <ModuleName>System.Runtime.Extensions</ModuleName>
      <Classes />
    </Module>
    <Module skippedDueTo="Filter" hash="2B-F6-0D-75-F5-9B-50-26-FD-D6-01-AC-A4-17-75-21-09-09-63-0F">
      <ModulePath>C:\WINDOWS\Microsoft.Net\assembly\GAC_MSIL\System.Globalization\v4.0_4.0.0.0__b03f5f7f11d50a3a\System.Globalization.dll</ModulePath>
      <ModuleTime>2017-09-29T13:43:09.7094399Z</ModuleTime>
      <ModuleName>System.Globalization</ModuleName>
      <Classes />
    </Module>
  </Modules>
</CoverageSession>